2026-07-07 09:17:34,087 [ERROR] Traceback (most recent call last):
  File "C:\dev\project\Service_Stock_Analysis\run_live_trader.py", line 36, in main
    if args.dry-run:
AttributeError: 'Namespace' object has no attribute 'dry'

2026-07-07 09:17:49,753 [ERROR] Traceback (most recent call last):
  File "C:\dev\project\Service_Stock_Analysis\run_live_trader.py", line 44, in main
    trader = LiveTrader(mock=args.mock)
  File "C:\dev\project\Service_Stock_Analysis\core\execution\trader.py", line 12, in __init__
    self.broker = KisBroker(mock=mock)
  File "C:\dev\project\Service_Stock_Analysis\core\broker\kis_api.py", line 18, in __init__
    raise ValueError(f"한국투자증권 API 키가 환경 변수에 없습니다 ({prefix}KEY, {prefix}SECRET, {prefix}ACC_NO)")
ValueError: 한국투자증권 API 키가 환경 변수에 없습니다 (KIS_MOCK_KEY, KIS_MOCK_SECRET, KIS_MOCK_ACC_NO)

2026-07-07 09:18:17,647 [ERROR] Traceback (most recent call last):
  File "C:\dev\project\Service_Stock_Analysis\run_live_trader.py", line 44, in main
    trader = LiveTrader(mock=args.mock)
  File "C:\dev\project\Service_Stock_Analysis\core\execution\trader.py", line 23, in __init__
    self.strategy = FaTaMomentumStrategy(
TypeError: FaTaMomentumStrategy.__init__() got an unexpected keyword argument 'entry_size'

2026-07-07 09:21:31,855 [ERROR] Traceback (most recent call last):
  File "C:\dev\project\Service_Stock_Analysis\run_live_trader.py", line 54, in main
    orders = trader.run_daily_batch()
  File "C:\dev\project\Service_Stock_Analysis\core\execution\trader.py", line 72, in run_daily_batch
    signals, _, _ = self.strategy.make_signals(df, regime_df, state=None)
ValueError: too many values to unpack (expected 3)

2026-07-07 09:24:56,115 [ERROR] Traceback (most recent call last):
  File "C:\dev\project\Service_Stock_Analysis\run_live_trader.py", line 54, in main
    orders = trader.run_daily_batch()
  File "C:\dev\project\Service_Stock_Analysis\core\execution\trader.py", line 76, in run_daily_batch
    target_weight = last_signal['target_position']
IndexError: invalid index to scalar variable.

2026-07-07 09:27:55,729 [INFO] 
=== [실행 결과 요약] ===
2026-07-07 09:27:55,729 [INFO] ✅ <b>금일 매매 내역 없음</b>
기존 포지션을 유지하거나 신규 진입 시그널이 없습니다.
2026-07-07 09:27:55,729 [INFO] ======================

2026-07-07 09:48:14,471 [INFO] 
=== [실행 결과 요약] ===
2026-07-07 09:48:14,471 [INFO] ✅ <b>금일 매매 내역 없음</b>
기존 포지션을 유지하거나 신규 진입 시그널이 없습니다.
2026-07-07 09:48:14,471 [INFO] ======================

2026-07-07 10:03:14,564 [INFO] 
=== [실행 결과 요약] ===
2026-07-07 10:03:14,564 [INFO] ✅ <b>금일 매매 내역 없음</b>
기존 포지션을 유지하거나 신규 진입 시그널이 없습니다.
2026-07-07 10:03:14,564 [INFO] ======================

2026-07-07 11:03:09,047 [INFO] 
=== [실행 결과 요약] ===
2026-07-07 11:03:09,047 [INFO] ✅ <b>금일 매매 내역 없음</b>
기존 포지션을 유지하거나 신규 진입 시그널이 없습니다.
2026-07-07 11:03:09,047 [INFO] ======================

2026-07-07 12:03:06,793 [INFO] 
=== [실행 결과 요약] ===
2026-07-07 12:03:06,793 [INFO] ✅ <b>금일 매매 내역 없음</b>
기존 포지션을 유지하거나 신규 진입 시그널이 없습니다.
2026-07-07 12:03:06,794 [INFO] ======================

2026-07-07 13:03:05,622 [INFO] 
=== [실행 결과 요약] ===
2026-07-07 13:03:05,622 [INFO] ✅ <b>금일 매매 내역 없음</b>
기존 포지션을 유지하거나 신규 진입 시그널이 없습니다.
2026-07-07 13:03:05,622 [INFO] ======================

2026-07-07 14:03:03,319 [INFO] 
=== [실행 결과 요약] ===
2026-07-07 14:03:03,319 [INFO] ✅ <b>금일 매매 내역 없음</b>
기존 포지션을 유지하거나 신규 진입 시그널이 없습니다.
2026-07-07 14:03:03,319 [INFO] ======================

2026-07-07 15:03:23,788 [INFO] 
=== [실행 결과 요약] ===
2026-07-07 15:03:23,788 [INFO] ✅ <b>금일 매매 내역 없음</b>
기존 포지션을 유지하거나 신규 진입 시그널이 없습니다.
2026-07-07 15:03:23,788 [INFO] ======================

2026-07-07 16:03:02,304 [INFO] 
=== [실행 결과 요약] ===
2026-07-07 16:03:02,304 [INFO] ✅ <b>금일 매매 내역 없음</b>
기존 포지션을 유지하거나 신규 진입 시그널이 없습니다.
2026-07-07 16:03:02,304 [INFO] ======================

2026-07-07 16:13:39,067 [INFO] 
=== [실행 결과 요약] ===
2026-07-07 16:13:39,068 [INFO] ✅ <b>금일 매매 내역 없음</b>
기존 포지션을 유지하거나 신규 진입 시그널이 없습니다.
2026-07-07 16:13:39,068 [INFO] ======================

2026-07-07 17:24:32,195 [INFO] [2026-07-07 17:24:32.195654] 실전 매매 배치 시작 (Intraday)
2026-07-07 17:24:32,343 [INFO] 현재 예수금: 0원
2026-07-07 17:24:32,344 [INFO] 보유 종목: ['012330', '034730', '078930', '161390', '278470']
2026-07-07 17:24:32,344 [INFO] 총 자산 추정치: 472,187,500원
2026-07-07 17:24:32,348 [INFO] [데이터 로드] 관심 종목 + 보유 종목 (5개) 초고속 병합 중...
2026-07-07 17:24:34,880 [INFO] 
=== [실행 결과 요약] ===
2026-07-07 17:24:34,881 [INFO] ✅ <b>금일 매매 내역 없음</b>
기존 포지션을 유지하거나 신규 진입 시그널이 없습니다.
2026-07-07 17:24:34,881 [INFO] ======================

2026-07-08 08:30:20,189 [INFO] [2026-07-08 08:30:20.189892] 프리마켓 FA 필터링 시작
2026-07-08 08:33:11,684 [INFO] 프리마켓 FA 필터링 완료. 관심 종목 0개 저장.
2026-07-08 09:00:10,039 [INFO] [2026-07-08 09:00:10.039595] 실전 매매 배치 시작 (Intraday)
2026-07-08 09:00:12,160 [INFO] 현재 예수금: 0원
2026-07-08 09:00:12,160 [INFO] 보유 종목: ['012330', '034730', '078930', '161390', '278470']
2026-07-08 09:00:12,161 [INFO] 총 자산 추정치: 471,271,400원
2026-07-08 09:00:12,162 [INFO] [데이터 로드] 관심 종목 + 보유 종목 (5개) 초고속 병합 중...
2026-07-08 09:00:14,698 [INFO] 
=== [실행 결과 요약] ===
2026-07-08 09:00:14,698 [INFO] ✅ <b>금일 매매 내역 없음</b>
기존 포지션을 유지하거나 신규 진입 시그널이 없습니다.
2026-07-08 09:00:14,698 [INFO] ======================

2026-07-08 09:24:06,493 [INFO] [2026-07-08 09:24:06.493496] 실전 매매 배치 시작 (Intraday)
2026-07-08 09:24:09,248 [INFO] 현재 예수금: 0원
2026-07-08 09:24:09,248 [INFO] 보유 종목: ['012330', '034730', '078930', '161390', '278470']
2026-07-08 09:24:09,248 [INFO] 총 자산 추정치: 463,640,500원
2026-07-08 09:24:09,249 [INFO] [데이터 로드] 관심 종목 + 보유 종목 (5개) 초고속 병합 중...
2026-07-08 09:24:11,830 [INFO] 
=== [실행 결과 요약] ===
2026-07-08 09:24:11,830 [INFO] ✅ <b>금일 매매 내역 없음</b>
기존 포지션을 유지하거나 신규 진입 시그널이 없습니다.
2026-07-08 09:24:11,830 [INFO] ======================

2026-07-08 09:25:06,264 [INFO] [2026-07-08 09:25:06.264511] 실전 매매 배치 시작 (Intraday)
2026-07-08 09:25:08,645 [INFO] 현재 예수금: 0원
2026-07-08 09:25:08,645 [INFO] 보유 종목: ['012330', '034730', '078930', '161390', '278470']
2026-07-08 09:25:08,645 [INFO] 총 자산 추정치: 464,400,800원
2026-07-08 09:25:08,647 [INFO] [데이터 로드] 관심 종목 + 보유 종목 (5개) 초고속 병합 중...
2026-07-08 09:25:11,216 [INFO] 
=== [실행 결과 요약] ===
2026-07-08 09:25:11,216 [INFO] ✅ <b>금일 매매 내역 없음</b>
기존 포지션을 유지하거나 신규 진입 시그널이 없습니다.
2026-07-08 09:25:11,217 [INFO] ======================

2026-07-08 09:26:05,377 [INFO] [2026-07-08 09:26:05.377437] 실전 매매 배치 시작 (Intraday)
2026-07-08 09:26:09,570 [INFO] 현재 예수금: 0원
2026-07-08 09:26:09,570 [INFO] 보유 종목: ['012330', '034730', '078930', '161390', '278470']
2026-07-08 09:26:09,570 [INFO] 총 자산 추정치: 464,124,700원
2026-07-08 09:26:09,571 [INFO] [데이터 로드] 관심 종목 + 보유 종목 (5개) 초고속 병합 중...
2026-07-08 09:26:12,142 [INFO] 
=== [실행 결과 요약] ===
2026-07-08 09:26:12,142 [INFO] ✅ <b>금일 매매 내역 없음</b>
기존 포지션을 유지하거나 신규 진입 시그널이 없습니다.
2026-07-08 09:26:12,142 [INFO] ======================

2026-07-08 09:27:06,015 [INFO] [2026-07-08 09:27:06.015589] 실전 매매 배치 시작 (Intraday)
2026-07-08 09:27:07,328 [INFO] 현재 예수금: 0원
2026-07-08 09:27:07,328 [INFO] 보유 종목: ['012330', '034730', '078930', '161390', '278470']
2026-07-08 09:27:07,328 [INFO] 총 자산 추정치: 466,589,100원
2026-07-08 09:27:07,330 [INFO] [데이터 로드] 관심 종목 + 보유 종목 (5개) 초고속 병합 중...
2026-07-08 09:27:09,899 [INFO] 
=== [실행 결과 요약] ===
2026-07-08 09:27:09,899 [INFO] ✅ <b>금일 매매 내역 없음</b>
기존 포지션을 유지하거나 신규 진입 시그널이 없습니다.
2026-07-08 09:27:09,899 [INFO] ======================

2026-07-08 09:28:04,607 [INFO] [2026-07-08 09:28:04.607884] 실전 매매 배치 시작 (Intraday)
2026-07-08 09:28:05,692 [INFO] 현재 예수금: 0원
2026-07-08 09:28:05,693 [INFO] 보유 종목: ['012330', '034730', '078930', '161390', '278470']
2026-07-08 09:28:05,693 [INFO] 총 자산 추정치: 467,359,800원
2026-07-08 09:28:05,697 [INFO] [데이터 로드] 관심 종목 + 보유 종목 (5개) 초고속 병합 중...
2026-07-08 09:28:08,260 [INFO] 
=== [실행 결과 요약] ===
2026-07-08 09:28:08,260 [INFO] ✅ <b>금일 매매 내역 없음</b>
기존 포지션을 유지하거나 신규 진입 시그널이 없습니다.
2026-07-08 09:28:08,260 [INFO] ======================

2026-07-08 09:29:12,881 [INFO] [2026-07-08 09:29:12.881759] 실전 매매 배치 시작 (Intraday)
2026-07-08 09:29:13,077 [INFO] 현재 예수금: 0원
2026-07-08 09:29:13,077 [INFO] 보유 종목: ['012330', '034730', '078930', '161390', '278470']
2026-07-08 09:29:13,077 [INFO] 총 자산 추정치: 466,124,000원
2026-07-08 09:29:13,080 [INFO] [데이터 로드] 관심 종목 + 보유 종목 (5개) 초고속 병합 중...
2026-07-08 09:29:15,642 [INFO] 
=== [실행 결과 요약] ===
2026-07-08 09:29:15,642 [INFO] ✅ <b>금일 매매 내역 없음</b>
기존 포지션을 유지하거나 신규 진입 시그널이 없습니다.
2026-07-08 09:29:15,642 [INFO] ======================

2026-07-08 09:30:10,353 [INFO] [2026-07-08 09:30:10.353599] 실전 매매 배치 시작 (Intraday)
2026-07-08 09:30:12,573 [INFO] 현재 예수금: 0원
2026-07-08 09:30:12,574 [INFO] 보유 종목: ['012330', '034730', '078930', '161390', '278470']
2026-07-08 09:30:12,574 [INFO] 총 자산 추정치: 466,836,000원
2026-07-08 09:30:12,577 [INFO] [데이터 로드] 관심 종목 + 보유 종목 (5개) 초고속 병합 중...
2026-07-08 09:30:15,140 [INFO] 
=== [실행 결과 요약] ===
2026-07-08 09:30:15,140 [INFO] ✅ <b>금일 매매 내역 없음</b>
기존 포지션을 유지하거나 신규 진입 시그널이 없습니다.
2026-07-08 09:30:15,140 [INFO] ======================

2026-07-08 09:31:09,578 [INFO] [2026-07-08 09:31:09.578631] 실전 매매 배치 시작 (Intraday)
2026-07-08 09:31:11,380 [INFO] 현재 예수금: 0원
2026-07-08 09:31:11,380 [INFO] 보유 종목: ['012330', '034730', '078930', '161390', '278470']
2026-07-08 09:31:11,380 [INFO] 총 자산 추정치: 466,395,200원
2026-07-08 09:31:11,384 [INFO] [데이터 로드] 관심 종목 + 보유 종목 (5개) 초고속 병합 중...
2026-07-08 09:31:13,964 [INFO] 
=== [실행 결과 요약] ===
2026-07-08 09:31:13,964 [INFO] ✅ <b>금일 매매 내역 없음</b>
기존 포지션을 유지하거나 신규 진입 시그널이 없습니다.
2026-07-08 09:31:13,965 [INFO] ======================

2026-07-08 09:32:08,553 [INFO] [2026-07-08 09:32:08.553559] 실전 매매 배치 시작 (Intraday)
2026-07-08 09:32:14,288 [INFO] 현재 예수금: 0원
2026-07-08 09:32:14,289 [INFO] 보유 종목: ['012330', '034730', '078930', '161390', '278470']
2026-07-08 09:32:14,289 [INFO] 총 자산 추정치: 464,788,300원
2026-07-08 09:32:14,291 [INFO] [데이터 로드] 관심 종목 + 보유 종목 (5개) 초고속 병합 중...
2026-07-08 09:32:16,862 [INFO] 
=== [실행 결과 요약] ===
2026-07-08 09:32:16,862 [INFO] ✅ <b>금일 매매 내역 없음</b>
기존 포지션을 유지하거나 신규 진입 시그널이 없습니다.
2026-07-08 09:32:16,862 [INFO] ======================

2026-07-08 09:33:11,295 [INFO] [2026-07-08 09:33:11.295530] 실전 매매 배치 시작 (Intraday)
2026-07-08 09:33:17,300 [INFO] 현재 예수금: 0원
2026-07-08 09:33:17,300 [INFO] 보유 종목: ['012330', '034730', '078930', '161390', '278470']
2026-07-08 09:33:17,300 [INFO] 총 자산 추정치: 463,132,700원
2026-07-08 09:33:17,303 [INFO] [데이터 로드] 관심 종목 + 보유 종목 (5개) 초고속 병합 중...
2026-07-08 09:33:19,876 [INFO] 
=== [실행 결과 요약] ===
2026-07-08 09:33:19,876 [INFO] ✅ <b>금일 매매 내역 없음</b>
기존 포지션을 유지하거나 신규 진입 시그널이 없습니다.
2026-07-08 09:33:19,876 [INFO] ======================

2026-07-08 09:34:04,548 [INFO] [2026-07-08 09:34:04.548359] 실전 매매 배치 시작 (Intraday)
2026-07-08 09:34:06,558 [INFO] 현재 예수금: 0원
2026-07-08 09:34:06,558 [INFO] 보유 종목: ['012330', '034730', '078930', '161390', '278470']
2026-07-08 09:34:06,558 [INFO] 총 자산 추정치: 462,228,500원
2026-07-08 09:34:06,561 [INFO] [데이터 로드] 관심 종목 + 보유 종목 (5개) 초고속 병합 중...
2026-07-08 09:34:09,129 [INFO] 
=== [실행 결과 요약] ===
2026-07-08 09:34:09,129 [INFO] ✅ <b>금일 매매 내역 없음</b>
기존 포지션을 유지하거나 신규 진입 시그널이 없습니다.
2026-07-08 09:34:09,129 [INFO] ======================

2026-07-08 09:35:14,027 [INFO] [2026-07-08 09:35:14.027800] 실전 매매 배치 시작 (Intraday)
2026-07-08 09:35:17,315 [INFO] 현재 예수금: 0원
2026-07-08 09:35:17,316 [INFO] 보유 종목: ['012330', '034730', '078930', '161390', '278470']
2026-07-08 09:35:17,316 [INFO] 총 자산 추정치: 461,533,100원
2026-07-08 09:35:17,318 [INFO] [데이터 로드] 관심 종목 + 보유 종목 (5개) 초고속 병합 중...
2026-07-08 09:35:19,887 [INFO] 
=== [실행 결과 요약] ===
2026-07-08 09:35:19,888 [INFO] ✅ <b>금일 매매 내역 없음</b>
기존 포지션을 유지하거나 신규 진입 시그널이 없습니다.
2026-07-08 09:35:19,888 [INFO] ======================

2026-07-08 09:36:04,253 [INFO] [2026-07-08 09:36:04.253985] 실전 매매 배치 시작 (Intraday)
2026-07-08 09:36:09,339 [INFO] 현재 예수금: 0원
2026-07-08 09:36:09,339 [INFO] 보유 종목: ['012330', '034730', '078930', '161390', '278470']
2026-07-08 09:36:09,340 [INFO] 총 자산 추정치: 462,548,700원
2026-07-08 09:36:09,342 [INFO] [데이터 로드] 관심 종목 + 보유 종목 (5개) 초고속 병합 중...
2026-07-08 09:36:11,903 [INFO] 
=== [실행 결과 요약] ===
2026-07-08 09:36:11,903 [INFO] ✅ <b>금일 매매 내역 없음</b>
기존 포지션을 유지하거나 신규 진입 시그널이 없습니다.
2026-07-08 09:36:11,903 [INFO] ======================

2026-07-08 09:37:06,358 [INFO] [2026-07-08 09:37:06.357501] 실전 매매 배치 시작 (Intraday)
2026-07-08 09:37:12,308 [INFO] 현재 예수금: 0원
2026-07-08 09:37:12,308 [INFO] 보유 종목: ['012330', '034730', '078930', '161390', '278470']
2026-07-08 09:37:12,308 [INFO] 총 자산 추정치: 466,527,300원
2026-07-08 09:37:12,310 [INFO] [데이터 로드] 관심 종목 + 보유 종목 (5개) 초고속 병합 중...
2026-07-08 09:37:14,851 [INFO] 
=== [실행 결과 요약] ===
2026-07-08 09:37:14,851 [INFO] ✅ <b>금일 매매 내역 없음</b>
기존 포지션을 유지하거나 신규 진입 시그널이 없습니다.
2026-07-08 09:37:14,852 [INFO] ======================

2026-07-08 09:38:09,183 [INFO] [2026-07-08 09:38:09.183731] 실전 매매 배치 시작 (Intraday)
2026-07-08 09:38:13,941 [INFO] 현재 예수금: 0원
2026-07-08 09:38:13,941 [INFO] 보유 종목: ['012330', '034730', '078930', '161390', '278470']
2026-07-08 09:38:13,941 [INFO] 총 자산 추정치: 466,123,400원
2026-07-08 09:38:13,942 [INFO] [데이터 로드] 관심 종목 + 보유 종목 (5개) 초고속 병합 중...
2026-07-08 09:38:16,492 [INFO] 
=== [실행 결과 요약] ===
2026-07-08 09:38:16,493 [INFO] ✅ <b>금일 매매 내역 없음</b>
기존 포지션을 유지하거나 신규 진입 시그널이 없습니다.
2026-07-08 09:38:16,493 [INFO] ======================

2026-07-08 09:39:10,890 [INFO] [2026-07-08 09:39:10.890766] 실전 매매 배치 시작 (Intraday)
2026-07-08 09:39:17,549 [INFO] 현재 예수금: 0원
2026-07-08 09:39:17,549 [INFO] 보유 종목: ['012330', '034730', '078930', '161390', '278470']
2026-07-08 09:39:17,549 [INFO] 총 자산 추정치: 466,701,700원
2026-07-08 09:39:17,551 [INFO] [데이터 로드] 관심 종목 + 보유 종목 (5개) 초고속 병합 중...
2026-07-08 09:39:20,105 [INFO] 
=== [실행 결과 요약] ===
2026-07-08 09:39:20,105 [INFO] ✅ <b>금일 매매 내역 없음</b>
기존 포지션을 유지하거나 신규 진입 시그널이 없습니다.
2026-07-08 09:39:20,105 [INFO] ======================

2026-07-08 09:40:04,761 [INFO] [2026-07-08 09:40:04.761383] 실전 매매 배치 시작 (Intraday)
2026-07-08 09:40:07,214 [INFO] 현재 예수금: 0원
2026-07-08 09:40:07,214 [INFO] 보유 종목: ['012330', '034730', '078930', '161390', '278470']
2026-07-08 09:40:07,214 [INFO] 총 자산 추정치: 469,099,600원
2026-07-08 09:40:07,218 [INFO] [데이터 로드] 관심 종목 + 보유 종목 (5개) 초고속 병합 중...
2026-07-08 09:40:09,801 [INFO] 
=== [실행 결과 요약] ===
2026-07-08 09:40:09,801 [INFO] ✅ <b>금일 매매 내역 없음</b>
기존 포지션을 유지하거나 신규 진입 시그널이 없습니다.
2026-07-08 09:40:09,801 [INFO] ======================

2026-07-08 09:41:04,304 [INFO] [2026-07-08 09:41:04.304332] 실전 매매 배치 시작 (Intraday)
2026-07-08 09:41:09,269 [INFO] 현재 예수금: 0원
2026-07-08 09:41:09,269 [INFO] 보유 종목: ['012330', '034730', '078930', '161390', '278470']
2026-07-08 09:41:09,269 [INFO] 총 자산 추정치: 467,783,200원
2026-07-08 09:41:09,274 [INFO] [데이터 로드] 관심 종목 + 보유 종목 (5개) 초고속 병합 중...
2026-07-08 09:41:11,842 [INFO] 
=== [실행 결과 요약] ===
2026-07-08 09:41:11,843 [INFO] ✅ <b>금일 매매 내역 없음</b>
기존 포지션을 유지하거나 신규 진입 시그널이 없습니다.
2026-07-08 09:41:11,843 [INFO] ======================

2026-07-08 09:42:06,848 [INFO] [2026-07-08 09:42:06.848964] 실전 매매 배치 시작 (Intraday)
2026-07-08 09:42:08,090 [INFO] 현재 예수금: 0원
2026-07-08 09:42:08,090 [INFO] 보유 종목: ['012330', '034730', '078930', '161390', '278470']
2026-07-08 09:42:08,090 [INFO] 총 자산 추정치: 467,188,100원
2026-07-08 09:42:08,094 [INFO] [데이터 로드] 관심 종목 + 보유 종목 (5개) 초고속 병합 중...
2026-07-08 09:42:10,683 [INFO] 
=== [실행 결과 요약] ===
2026-07-08 09:42:10,684 [INFO] ✅ <b>금일 매매 내역 없음</b>
기존 포지션을 유지하거나 신규 진입 시그널이 없습니다.
2026-07-08 09:42:10,684 [INFO] ======================

2026-07-08 09:43:05,368 [INFO] [2026-07-08 09:43:05.368224] 실전 매매 배치 시작 (Intraday)
2026-07-08 09:43:12,046 [INFO] 현재 예수금: 0원
2026-07-08 09:43:12,046 [INFO] 보유 종목: ['012330', '034730', '078930', '161390', '278470']
2026-07-08 09:43:12,046 [INFO] 총 자산 추정치: 469,494,900원
2026-07-08 09:43:12,050 [INFO] [데이터 로드] 관심 종목 + 보유 종목 (5개) 초고속 병합 중...
2026-07-08 09:43:14,609 [INFO] 
=== [실행 결과 요약] ===
2026-07-08 09:43:14,609 [INFO] ✅ <b>금일 매매 내역 없음</b>
기존 포지션을 유지하거나 신규 진입 시그널이 없습니다.
2026-07-08 09:43:14,609 [INFO] ======================

2026-07-08 09:44:08,890 [INFO] [2026-07-08 09:44:08.890124] 실전 매매 배치 시작 (Intraday)
2026-07-08 09:44:15,236 [INFO] 현재 예수금: 0원
2026-07-08 09:44:15,236 [INFO] 보유 종목: ['012330', '034730', '078930', '161390', '278470']
2026-07-08 09:44:15,237 [INFO] 총 자산 추정치: 469,686,500원
2026-07-08 09:44:15,241 [INFO] [데이터 로드] 관심 종목 + 보유 종목 (5개) 초고속 병합 중...
2026-07-08 09:44:17,789 [INFO] 
=== [실행 결과 요약] ===
2026-07-08 09:44:17,789 [INFO] ✅ <b>금일 매매 내역 없음</b>
기존 포지션을 유지하거나 신규 진입 시그널이 없습니다.
2026-07-08 09:44:17,789 [INFO] ======================

2026-07-08 09:45:13,322 [INFO] [2026-07-08 09:45:13.322011] 실전 매매 배치 시작 (Intraday)
2026-07-08 09:45:16,374 [INFO] 현재 예수금: 0원
2026-07-08 09:45:16,374 [INFO] 보유 종목: ['012330', '034730', '078930', '161390', '278470']
2026-07-08 09:45:16,374 [INFO] 총 자산 추정치: 468,981,500원
2026-07-08 09:45:16,376 [INFO] [데이터 로드] 관심 종목 + 보유 종목 (5개) 초고속 병합 중...
2026-07-08 09:45:18,941 [INFO] 
=== [실행 결과 요약] ===
2026-07-08 09:45:18,941 [INFO] ✅ <b>금일 매매 내역 없음</b>
기존 포지션을 유지하거나 신규 진입 시그널이 없습니다.
2026-07-08 09:45:18,941 [INFO] ======================

2026-07-08 09:46:13,392 [INFO] [2026-07-08 09:46:13.392037] 실전 매매 배치 시작 (Intraday)
2026-07-08 09:46:14,013 [INFO] 현재 예수금: 0원
2026-07-08 09:46:14,013 [INFO] 보유 종목: ['012330', '034730', '078930', '161390', '278470']
2026-07-08 09:46:14,013 [INFO] 총 자산 추정치: 467,759,200원
2026-07-08 09:46:14,013 [INFO] [데이터 로드] 관심 종목 + 보유 종목 (5개) 초고속 병합 중...
2026-07-08 09:46:16,575 [INFO] 
=== [실행 결과 요약] ===
2026-07-08 09:46:16,591 [INFO] ✅ <b>금일 매매 내역 없음</b>
기존 포지션을 유지하거나 신규 진입 시그널이 없습니다.
2026-07-08 09:46:16,591 [INFO] ======================

2026-07-08 09:47:11,127 [INFO] [2026-07-08 09:47:11.127852] 실전 매매 배치 시작 (Intraday)
2026-07-08 09:47:19,133 [INFO] 현재 예수금: 0원
2026-07-08 09:47:19,133 [INFO] 보유 종목: ['012330', '034730', '078930', '161390', '278470']
2026-07-08 09:47:19,133 [INFO] 총 자산 추정치: 469,248,200원
2026-07-08 09:47:19,133 [INFO] [데이터 로드] 관심 종목 + 보유 종목 (5개) 초고속 병합 중...
2026-07-08 09:47:21,673 [INFO] 
=== [실행 결과 요약] ===
2026-07-08 09:47:21,673 [INFO] ✅ <b>금일 매매 내역 없음</b>
기존 포지션을 유지하거나 신규 진입 시그널이 없습니다.
2026-07-08 09:47:21,673 [INFO] ======================

2026-07-08 09:48:07,033 [INFO] [2026-07-08 09:48:07.033633] 실전 매매 배치 시작 (Intraday)
2026-07-08 09:48:12,770 [INFO] 현재 예수금: 0원
2026-07-08 09:48:12,770 [INFO] 보유 종목: ['012330', '034730', '078930', '161390', '278470']
2026-07-08 09:48:12,770 [INFO] 총 자산 추정치: 470,567,300원
2026-07-08 09:48:12,773 [INFO] [데이터 로드] 관심 종목 + 보유 종목 (5개) 초고속 병합 중...
2026-07-08 09:48:15,325 [INFO] 
=== [실행 결과 요약] ===
2026-07-08 09:48:15,326 [INFO] ✅ <b>금일 매매 내역 없음</b>
기존 포지션을 유지하거나 신규 진입 시그널이 없습니다.
2026-07-08 09:48:15,326 [INFO] ======================

2026-07-08 09:49:09,663 [INFO] [2026-07-08 09:49:09.663362] 실전 매매 배치 시작 (Intraday)
2026-07-08 09:49:11,984 [INFO] 현재 예수금: 0원
2026-07-08 09:49:11,984 [INFO] 보유 종목: ['012330', '034730', '078930', '161390', '278470']
2026-07-08 09:49:11,984 [INFO] 총 자산 추정치: 466,963,100원
2026-07-08 09:49:11,988 [INFO] [데이터 로드] 관심 종목 + 보유 종목 (5개) 초고속 병합 중...
2026-07-08 09:49:14,544 [INFO] 
=== [실행 결과 요약] ===
2026-07-08 09:49:14,544 [INFO] ✅ <b>금일 매매 내역 없음</b>
기존 포지션을 유지하거나 신규 진입 시그널이 없습니다.
2026-07-08 09:49:14,544 [INFO] ======================

2026-07-08 09:50:08,564 [INFO] [2026-07-08 09:50:08.564303] 실전 매매 배치 시작 (Intraday)
2026-07-08 09:50:15,266 [INFO] 현재 예수금: 0원
2026-07-08 09:50:15,267 [INFO] 보유 종목: ['012330', '034730', '078930', '161390', '278470']
2026-07-08 09:50:15,267 [INFO] 총 자산 추정치: 469,547,100원
2026-07-08 09:50:15,268 [INFO] [데이터 로드] 관심 종목 + 보유 종목 (5개) 초고속 병합 중...
2026-07-08 09:50:17,844 [INFO] 
=== [실행 결과 요약] ===
2026-07-08 09:50:17,844 [INFO] ✅ <b>금일 매매 내역 없음</b>
기존 포지션을 유지하거나 신규 진입 시그널이 없습니다.
2026-07-08 09:50:17,844 [INFO] ======================

2026-07-08 09:51:11,783 [INFO] [2026-07-08 09:51:11.783539] 실전 매매 배치 시작 (Intraday)
2026-07-08 09:51:15,174 [INFO] 현재 예수금: 0원
2026-07-08 09:51:15,175 [INFO] 보유 종목: ['012330', '034730', '078930', '161390', '278470']
2026-07-08 09:51:15,175 [INFO] 총 자산 추정치: 470,527,200원
2026-07-08 09:51:15,176 [INFO] [데이터 로드] 관심 종목 + 보유 종목 (5개) 초고속 병합 중...
2026-07-08 09:51:17,729 [INFO] 
=== [실행 결과 요약] ===
2026-07-08 09:51:17,729 [INFO] ✅ <b>금일 매매 내역 없음</b>
기존 포지션을 유지하거나 신규 진입 시그널이 없습니다.
2026-07-08 09:51:17,729 [INFO] ======================

2026-07-08 09:52:11,705 [INFO] [2026-07-08 09:52:11.705260] 실전 매매 배치 시작 (Intraday)
2026-07-08 09:52:17,029 [INFO] 현재 예수금: 0원
2026-07-08 09:52:17,029 [INFO] 보유 종목: ['012330', '034730', '078930', '161390', '278470']
2026-07-08 09:52:17,029 [INFO] 총 자산 추정치: 468,572,900원
2026-07-08 09:52:17,031 [INFO] [데이터 로드] 관심 종목 + 보유 종목 (5개) 초고속 병합 중...
2026-07-08 09:52:19,580 [INFO] 
=== [실행 결과 요약] ===
2026-07-08 09:52:19,580 [INFO] ✅ <b>금일 매매 내역 없음</b>
기존 포지션을 유지하거나 신규 진입 시그널이 없습니다.
2026-07-08 09:52:19,580 [INFO] ======================

2026-07-08 09:53:13,739 [INFO] [2026-07-08 09:53:13.739145] 실전 매매 배치 시작 (Intraday)
2026-07-08 09:53:19,724 [INFO] 현재 예수금: 0원
2026-07-08 09:53:19,724 [INFO] 보유 종목: ['012330', '034730', '078930', '161390', '278470']
2026-07-08 09:53:19,724 [INFO] 총 자산 추정치: 469,809,500원
2026-07-08 09:53:19,726 [INFO] [데이터 로드] 관심 종목 + 보유 종목 (5개) 초고속 병합 중...
2026-07-08 09:53:22,284 [INFO] 
=== [실행 결과 요약] ===
2026-07-08 09:53:22,284 [INFO] ✅ <b>금일 매매 내역 없음</b>
기존 포지션을 유지하거나 신규 진입 시그널이 없습니다.
2026-07-08 09:53:22,284 [INFO] ======================

2026-07-08 09:54:06,198 [INFO] [2026-07-08 09:54:06.198502] 실전 매매 배치 시작 (Intraday)
2026-07-08 09:54:08,333 [INFO] 현재 예수금: 0원
2026-07-08 09:54:08,333 [INFO] 보유 종목: ['012330', '034730', '078930', '161390', '278470']
2026-07-08 09:54:08,333 [INFO] 총 자산 추정치: 469,810,100원
2026-07-08 09:54:08,335 [INFO] [데이터 로드] 관심 종목 + 보유 종목 (5개) 초고속 병합 중...
2026-07-08 09:54:10,885 [INFO] 
=== [실행 결과 요약] ===
2026-07-08 09:54:10,885 [INFO] ✅ <b>금일 매매 내역 없음</b>
기존 포지션을 유지하거나 신규 진입 시그널이 없습니다.
2026-07-08 09:54:10,885 [INFO] ======================

2026-07-08 09:55:04,942 [INFO] [2026-07-08 09:55:04.942040] 실전 매매 배치 시작 (Intraday)
2026-07-08 09:55:05,990 [INFO] 현재 예수금: 0원
2026-07-08 09:55:05,990 [INFO] 보유 종목: ['012330', '034730', '078930', '161390', '278470']
2026-07-08 09:55:05,990 [INFO] 총 자산 추정치: 470,244,700원
2026-07-08 09:55:05,990 [INFO] [데이터 로드] 관심 종목 + 보유 종목 (5개) 초고속 병합 중...
2026-07-08 09:55:08,549 [INFO] 
=== [실행 결과 요약] ===
2026-07-08 09:55:08,552 [INFO] ✅ <b>금일 매매 내역 없음</b>
기존 포지션을 유지하거나 신규 진입 시그널이 없습니다.
2026-07-08 09:55:08,552 [INFO] ======================

2026-07-08 09:56:12,520 [INFO] [2026-07-08 09:56:12.520484] 실전 매매 배치 시작 (Intraday)
2026-07-08 09:56:18,391 [INFO] 현재 예수금: 0원
2026-07-08 09:56:18,392 [INFO] 보유 종목: ['012330', '034730', '078930', '161390', '278470']
2026-07-08 09:56:18,392 [INFO] 총 자산 추정치: 470,809,500원
2026-07-08 09:56:18,393 [INFO] [데이터 로드] 관심 종목 + 보유 종목 (5개) 초고속 병합 중...
2026-07-08 09:56:20,972 [INFO] 
=== [실행 결과 요약] ===
2026-07-08 09:56:20,972 [INFO] ✅ <b>금일 매매 내역 없음</b>
기존 포지션을 유지하거나 신규 진입 시그널이 없습니다.
2026-07-08 09:56:20,972 [INFO] ======================

2026-07-08 09:57:05,094 [INFO] [2026-07-08 09:57:05.094683] 실전 매매 배치 시작 (Intraday)
2026-07-08 09:57:06,097 [INFO] 현재 예수금: 0원
2026-07-08 09:57:06,097 [INFO] 보유 종목: ['012330', '034730', '078930', '161390', '278470']
2026-07-08 09:57:06,097 [INFO] 총 자산 추정치: 471,929,900원
2026-07-08 09:57:06,097 [INFO] [데이터 로드] 관심 종목 + 보유 종목 (5개) 초고속 병합 중...
2026-07-08 09:57:08,689 [INFO] 
=== [실행 결과 요약] ===
2026-07-08 09:57:08,689 [INFO] ✅ <b>금일 매매 내역 없음</b>
기존 포지션을 유지하거나 신규 진입 시그널이 없습니다.
2026-07-08 09:57:08,689 [INFO] ======================

2026-07-08 09:58:12,891 [INFO] [2026-07-08 09:58:12.891131] 실전 매매 배치 시작 (Intraday)
2026-07-08 09:58:21,466 [INFO] 현재 예수금: 0원
2026-07-08 09:58:21,467 [INFO] 보유 종목: ['012330', '034730', '078930', '161390', '278470']
2026-07-08 09:58:21,467 [INFO] 총 자산 추정치: 472,797,600원
2026-07-08 09:58:21,468 [INFO] [데이터 로드] 관심 종목 + 보유 종목 (5개) 초고속 병합 중...
2026-07-08 09:58:24,043 [INFO] 
=== [실행 결과 요약] ===
2026-07-08 09:58:24,043 [INFO] ✅ <b>금일 매매 내역 없음</b>
기존 포지션을 유지하거나 신규 진입 시그널이 없습니다.
2026-07-08 09:58:24,043 [INFO] ======================

2026-07-08 09:59:08,133 [INFO] [2026-07-08 09:59:08.133527] 실전 매매 배치 시작 (Intraday)
2026-07-08 09:59:09,153 [INFO] 현재 예수금: 0원
2026-07-08 09:59:09,153 [INFO] 보유 종목: ['012330', '034730', '078930', '161390', '278470']
2026-07-08 09:59:09,153 [INFO] 총 자산 추정치: 473,011,700원
2026-07-08 09:59:09,155 [INFO] [데이터 로드] 관심 종목 + 보유 종목 (5개) 초고속 병합 중...
2026-07-08 09:59:11,731 [INFO] 
=== [실행 결과 요약] ===
2026-07-08 09:59:11,731 [INFO] ✅ <b>금일 매매 내역 없음</b>
기존 포지션을 유지하거나 신규 진입 시그널이 없습니다.
2026-07-08 09:59:11,731 [INFO] ======================

2026-07-08 10:00:05,924 [INFO] [2026-07-08 10:00:05.924926] 실전 매매 배치 시작 (Intraday)
2026-07-08 10:00:12,672 [INFO] 현재 예수금: 0원
2026-07-08 10:00:12,672 [INFO] 보유 종목: ['012330', '034730', '078930', '161390', '278470']
2026-07-08 10:00:12,672 [INFO] 총 자산 추정치: 473,564,800원
2026-07-08 10:00:12,679 [INFO] [데이터 로드] 관심 종목 + 보유 종목 (5개) 초고속 병합 중...
2026-07-08 10:00:15,229 [INFO] 
=== [실행 결과 요약] ===
2026-07-08 10:00:15,229 [INFO] ✅ <b>금일 매매 내역 없음</b>
기존 포지션을 유지하거나 신규 진입 시그널이 없습니다.
2026-07-08 10:00:15,229 [INFO] ======================

2026-07-08 10:01:09,208 [INFO] [2026-07-08 10:01:09.208943] 실전 매매 배치 시작 (Intraday)
2026-07-08 10:01:10,940 [INFO] 현재 예수금: 0원
2026-07-08 10:01:10,940 [INFO] 보유 종목: ['012330', '034730', '078930', '161390', '278470']
2026-07-08 10:01:10,940 [INFO] 총 자산 추정치: 473,887,200원
2026-07-08 10:01:10,942 [INFO] [데이터 로드] 관심 종목 + 보유 종목 (5개) 초고속 병합 중...
2026-07-08 10:01:13,488 [INFO] 
=== [실행 결과 요약] ===
2026-07-08 10:01:13,488 [INFO] ✅ <b>금일 매매 내역 없음</b>
기존 포지션을 유지하거나 신규 진입 시그널이 없습니다.
2026-07-08 10:01:13,488 [INFO] ======================

2026-07-08 10:02:07,390 [INFO] [2026-07-08 10:02:07.390991] 실전 매매 배치 시작 (Intraday)
2026-07-08 10:02:09,405 [INFO] 현재 예수금: 0원
2026-07-08 10:02:09,405 [INFO] 보유 종목: ['012330', '034730', '078930', '161390', '278470']
2026-07-08 10:02:09,405 [INFO] 총 자산 추정치: 473,027,900원
2026-07-08 10:02:09,405 [INFO] [데이터 로드] 관심 종목 + 보유 종목 (5개) 초고속 병합 중...
2026-07-08 10:02:11,948 [INFO] 
=== [실행 결과 요약] ===
2026-07-08 10:02:11,948 [INFO] ✅ <b>금일 매매 내역 없음</b>
기존 포지션을 유지하거나 신규 진입 시그널이 없습니다.
2026-07-08 10:02:11,948 [INFO] ======================

2026-07-08 10:03:05,937 [INFO] [2026-07-08 10:03:05.937260] 실전 매매 배치 시작 (Intraday)
2026-07-08 10:03:07,881 [INFO] 현재 예수금: 0원
2026-07-08 10:03:07,882 [INFO] 보유 종목: ['012330', '034730', '078930', '161390', '278470']
2026-07-08 10:03:07,882 [INFO] 총 자산 추정치: 472,710,000원
2026-07-08 10:03:07,883 [INFO] [데이터 로드] 관심 종목 + 보유 종목 (5개) 초고속 병합 중...
2026-07-08 10:03:10,439 [INFO] 
=== [실행 결과 요약] ===
2026-07-08 10:03:10,439 [INFO] ✅ <b>금일 매매 내역 없음</b>
기존 포지션을 유지하거나 신규 진입 시그널이 없습니다.
2026-07-08 10:03:10,439 [INFO] ======================

2026-07-08 10:04:05,324 [INFO] [2026-07-08 10:04:05.324067] 실전 매매 배치 시작 (Intraday)
2026-07-08 10:04:05,630 [INFO] 현재 예수금: 0원
2026-07-08 10:04:05,630 [INFO] 보유 종목: ['012330', '034730', '078930', '161390', '278470']
2026-07-08 10:04:05,630 [INFO] 총 자산 추정치: 470,968,400원
2026-07-08 10:04:05,632 [INFO] [데이터 로드] 관심 종목 + 보유 종목 (5개) 초고속 병합 중...
2026-07-08 10:04:08,170 [INFO] 
=== [실행 결과 요약] ===
2026-07-08 10:04:08,171 [INFO] ✅ <b>금일 매매 내역 없음</b>
기존 포지션을 유지하거나 신규 진입 시그널이 없습니다.
2026-07-08 10:04:08,171 [INFO] ======================

2026-07-08 10:05:13,430 [INFO] [2026-07-08 10:05:13.430695] 실전 매매 배치 시작 (Intraday)
2026-07-08 10:05:21,963 [INFO] 현재 예수금: 0원
2026-07-08 10:05:21,963 [INFO] 보유 종목: ['012330', '034730', '078930', '161390', '278470']
2026-07-08 10:05:21,963 [INFO] 총 자산 추정치: 473,180,400원
2026-07-08 10:05:21,963 [INFO] [데이터 로드] 관심 종목 + 보유 종목 (5개) 초고속 병합 중...
2026-07-08 10:05:24,506 [INFO] 
=== [실행 결과 요약] ===
2026-07-08 10:05:24,506 [INFO] ✅ <b>금일 매매 내역 없음</b>
기존 포지션을 유지하거나 신규 진입 시그널이 없습니다.
2026-07-08 10:05:24,506 [INFO] ======================

2026-07-08 10:06:09,963 [INFO] [2026-07-08 10:06:09.963849] 실전 매매 배치 시작 (Intraday)
2026-07-08 10:06:15,992 [INFO] 현재 예수금: 0원
2026-07-08 10:06:15,993 [INFO] 보유 종목: ['012330', '034730', '078930', '161390', '278470']
2026-07-08 10:06:15,993 [INFO] 총 자산 추정치: 472,669,900원
2026-07-08 10:06:15,995 [INFO] [데이터 로드] 관심 종목 + 보유 종목 (5개) 초고속 병합 중...
2026-07-08 10:06:18,558 [INFO] 
=== [실행 결과 요약] ===
2026-07-08 10:06:18,558 [INFO] ✅ <b>금일 매매 내역 없음</b>
기존 포지션을 유지하거나 신규 진입 시그널이 없습니다.
2026-07-08 10:06:18,558 [INFO] ======================

2026-07-08 10:07:17,094 [INFO] [2026-07-08 10:07:17.094563] 실전 매매 배치 시작 (Intraday)
2026-07-08 10:07:17,631 [INFO] 현재 예수금: 0원
2026-07-08 10:07:17,631 [INFO] 보유 종목: ['012330', '034730', '078930', '161390', '278470']
2026-07-08 10:07:17,631 [INFO] 총 자산 추정치: 472,545,700원
2026-07-08 10:07:17,638 [INFO] [데이터 로드] 관심 종목 + 보유 종목 (5개) 초고속 병합 중...
2026-07-08 10:07:20,193 [INFO] 
=== [실행 결과 요약] ===
2026-07-08 10:07:20,193 [INFO] ✅ <b>금일 매매 내역 없음</b>
기존 포지션을 유지하거나 신규 진입 시그널이 없습니다.
2026-07-08 10:07:20,193 [INFO] ======================

2026-07-08 10:08:05,502 [INFO] [2026-07-08 10:08:05.502372] 실전 매매 배치 시작 (Intraday)
2026-07-08 10:08:05,985 [INFO] 현재 예수금: 0원
2026-07-08 10:08:05,985 [INFO] 보유 종목: ['012330', '034730', '078930', '161390', '278470']
2026-07-08 10:08:05,985 [INFO] 총 자산 추정치: 471,770,700원
2026-07-08 10:08:05,987 [INFO] [데이터 로드] 관심 종목 + 보유 종목 (5개) 초고속 병합 중...
2026-07-08 10:08:08,554 [INFO] 
=== [실행 결과 요약] ===
2026-07-08 10:08:08,554 [INFO] ✅ <b>금일 매매 내역 없음</b>
기존 포지션을 유지하거나 신규 진입 시그널이 없습니다.
2026-07-08 10:08:08,554 [INFO] ======================

2026-07-08 10:09:14,341 [INFO] [2026-07-08 10:09:14.341781] 실전 매매 배치 시작 (Intraday)
2026-07-08 10:09:20,321 [INFO] 현재 예수금: 0원
2026-07-08 10:09:20,321 [INFO] 보유 종목: ['012330', '034730', '078930', '161390', '278470']
2026-07-08 10:09:20,321 [INFO] 총 자산 추정치: 471,436,400원
2026-07-08 10:09:20,323 [INFO] [데이터 로드] 관심 종목 + 보유 종목 (5개) 초고속 병합 중...
2026-07-08 10:09:22,891 [INFO] 
=== [실행 결과 요약] ===
2026-07-08 10:09:22,891 [INFO] ✅ <b>금일 매매 내역 없음</b>
기존 포지션을 유지하거나 신규 진입 시그널이 없습니다.
2026-07-08 10:09:22,891 [INFO] ======================

2026-07-08 10:10:08,984 [INFO] [2026-07-08 10:10:08.984480] 실전 매매 배치 시작 (Intraday)
2026-07-08 10:10:16,737 [INFO] 현재 예수금: 0원
2026-07-08 10:10:16,737 [INFO] 보유 종목: ['012330', '034730', '078930', '161390', '278470']
2026-07-08 10:10:16,737 [INFO] 총 자산 추정치: 472,929,900원
2026-07-08 10:10:16,739 [INFO] [데이터 로드] 관심 종목 + 보유 종목 (5개) 초고속 병합 중...
2026-07-08 10:10:19,293 [INFO] 
=== [실행 결과 요약] ===
2026-07-08 10:10:19,294 [INFO] ✅ <b>금일 매매 내역 없음</b>
기존 포지션을 유지하거나 신규 진입 시그널이 없습니다.
2026-07-08 10:10:19,294 [INFO] ======================

2026-07-08 10:12:24,072 [INFO] [2026-07-08 10:12:24.072052] 실전 매매 배치 시작 (Intraday)
2026-07-08 10:12:28,835 [INFO] 현재 예수금: 0원
2026-07-08 10:12:28,835 [INFO] 보유 종목: ['012330', '034730', '078930', '161390', '278470']
2026-07-08 10:12:28,835 [INFO] 총 자산 추정치: 473,736,600원
2026-07-08 10:12:28,840 [INFO] [데이터 로드] 관심 종목 + 보유 종목 (5개) 초고속 병합 중...
2026-07-08 10:12:31,382 [INFO] 
=== [실행 결과 요약] ===
2026-07-08 10:12:31,382 [INFO] ✅ <b>금일 매매 내역 없음</b>
기존 포지션을 유지하거나 신규 진입 시그널이 없습니다.
2026-07-08 10:12:31,382 [INFO] ======================

2026-07-08 10:12:52,475 [INFO] [2026-07-08 10:12:52.474946] 실전 매매 배치 시작 (Intraday)
2026-07-08 10:12:57,506 [INFO] 현재 예수금: 0원
2026-07-08 10:12:57,506 [INFO] 보유 종목: ['012330', '034730', '078930', '161390', '278470']
2026-07-08 10:12:57,506 [INFO] 총 자산 추정치: 474,184,100원
2026-07-08 10:12:57,508 [INFO] [데이터 로드] 관심 종목 + 보유 종목 (5개) 초고속 병합 중...
2026-07-08 10:13:00,061 [INFO] 
=== [실행 결과 요약] ===
2026-07-08 10:13:00,061 [INFO] ✅ <b>금일 매매 내역 없음</b>
기존 포지션을 유지하거나 신규 진입 시그널이 없습니다.
2026-07-08 10:13:00,061 [INFO] ======================

2026-07-08 10:13:21,945 [INFO] [2026-07-08 10:13:21.945508] 실전 매매 배치 시작 (Intraday)
2026-07-08 10:13:26,550 [INFO] 현재 예수금: 0원
2026-07-08 10:13:26,550 [INFO] 보유 종목: ['012330', '034730', '078930', '161390', '278470']
2026-07-08 10:13:26,551 [INFO] 총 자산 추정치: 473,634,900원
2026-07-08 10:13:26,556 [INFO] [데이터 로드] 관심 종목 + 보유 종목 (5개) 초고속 병합 중...
2026-07-08 10:13:29,097 [INFO] 
=== [실행 결과 요약] ===
2026-07-08 10:13:29,097 [INFO] ✅ <b>금일 매매 내역 없음</b>
기존 포지션을 유지하거나 신규 진입 시그널이 없습니다.
2026-07-08 10:13:29,097 [INFO] ======================

2026-07-08 10:14:19,016 [INFO] [2026-07-08 10:14:19.016605] 실전 매매 배치 시작 (Intraday)
2026-07-08 10:14:19,406 [INFO] 현재 예수금: 0원
2026-07-08 10:14:19,406 [INFO] 보유 종목: ['012330', '034730', '078930', '161390', '278470']
2026-07-08 10:14:19,406 [INFO] 총 자산 추정치: 475,043,700원
2026-07-08 10:14:19,409 [INFO] [데이터 로드] 관심 종목 + 보유 종목 (5개) 초고속 병합 중...
2026-07-08 10:14:21,958 [INFO] 
=== [실행 결과 요약] ===
2026-07-08 10:14:21,958 [INFO] ✅ <b>금일 매매 내역 없음</b>
기존 포지션을 유지하거나 신규 진입 시그널이 없습니다.
2026-07-08 10:14:21,958 [INFO] ======================

2026-07-08 10:15:11,577 [INFO] [2026-07-08 10:15:11.577169] 실전 매매 배치 시작 (Intraday)
2026-07-08 10:15:12,788 [INFO] 현재 예수금: 0원
2026-07-08 10:15:12,788 [INFO] 보유 종목: ['012330', '034730', '078930', '161390', '278470']
2026-07-08 10:15:12,788 [INFO] 총 자산 추정치: 473,539,600원
2026-07-08 10:15:12,791 [INFO] [데이터 로드] 관심 종목 + 보유 종목 (5개) 초고속 병합 중...
2026-07-08 10:15:15,354 [INFO] 
=== [실행 결과 요약] ===
2026-07-08 10:15:15,354 [INFO] ✅ <b>금일 매매 내역 없음</b>
기존 포지션을 유지하거나 신규 진입 시그널이 없습니다.
2026-07-08 10:15:15,354 [INFO] ======================

2026-07-08 10:16:11,604 [INFO] [2026-07-08 10:16:11.604917] 실전 매매 배치 시작 (Intraday)
2026-07-08 10:16:13,571 [INFO] 현재 예수금: 0원
2026-07-08 10:16:13,572 [INFO] 보유 종목: ['012330', '034730', '078930', '161390', '278470']
2026-07-08 10:16:13,572 [INFO] 총 자산 추정치: 472,551,400원
2026-07-08 10:16:13,574 [INFO] [데이터 로드] 관심 종목 + 보유 종목 (5개) 초고속 병합 중...
2026-07-08 10:16:16,132 [INFO] 
=== [실행 결과 요약] ===
2026-07-08 10:16:16,132 [INFO] ✅ <b>금일 매매 내역 없음</b>
기존 포지션을 유지하거나 신규 진입 시그널이 없습니다.
2026-07-08 10:16:16,132 [INFO] ======================

2026-07-08 10:17:12,078 [INFO] [2026-07-08 10:17:12.077448] 실전 매매 배치 시작 (Intraday)
2026-07-08 10:17:17,807 [INFO] 현재 예수금: 0원
2026-07-08 10:17:17,807 [INFO] 보유 종목: ['012330', '034730', '078930', '161390', '278470']
2026-07-08 10:17:17,809 [INFO] 총 자산 추정치: 473,722,500원
2026-07-08 10:17:17,810 [INFO] [데이터 로드] 관심 종목 + 보유 종목 (5개) 초고속 병합 중...
2026-07-08 10:17:20,359 [INFO] 
=== [실행 결과 요약] ===
2026-07-08 10:17:20,359 [INFO] ✅ <b>금일 매매 내역 없음</b>
기존 포지션을 유지하거나 신규 진입 시그널이 없습니다.
2026-07-08 10:17:20,360 [INFO] ======================

2026-07-08 10:18:07,381 [INFO] [2026-07-08 10:18:07.381588] 실전 매매 배치 시작 (Intraday)
2026-07-08 10:18:13,516 [INFO] 현재 예수금: 0원
2026-07-08 10:18:13,516 [INFO] 보유 종목: ['012330', '034730', '078930', '161390', '278470']
2026-07-08 10:18:13,516 [INFO] 총 자산 추정치: 470,383,400원
2026-07-08 10:18:13,520 [INFO] [데이터 로드] 관심 종목 + 보유 종목 (5개) 초고속 병합 중...
2026-07-08 10:18:16,077 [INFO] 
=== [실행 결과 요약] ===
2026-07-08 10:18:16,077 [INFO] ✅ <b>금일 매매 내역 없음</b>
기존 포지션을 유지하거나 신규 진입 시그널이 없습니다.
2026-07-08 10:18:16,077 [INFO] ======================

2026-07-08 10:19:12,522 [INFO] [2026-07-08 10:19:12.522207] 실전 매매 배치 시작 (Intraday)
2026-07-08 10:19:13,638 [INFO] 현재 예수금: 0원
2026-07-08 10:19:13,639 [INFO] 보유 종목: ['012330', '034730', '078930', '161390', '278470']
2026-07-08 10:19:13,639 [INFO] 총 자산 추정치: 469,946,800원
2026-07-08 10:19:13,641 [INFO] [데이터 로드] 관심 종목 + 보유 종목 (5개) 초고속 병합 중...
2026-07-08 10:19:16,206 [INFO] 
=== [실행 결과 요약] ===
2026-07-08 10:19:16,207 [INFO] ✅ <b>금일 매매 내역 없음</b>
기존 포지션을 유지하거나 신규 진입 시그널이 없습니다.
2026-07-08 10:19:16,207 [INFO] ======================

2026-07-08 10:20:12,393 [INFO] [2026-07-08 10:20:12.393047] 실전 매매 배치 시작 (Intraday)
2026-07-08 10:20:14,352 [INFO] 현재 예수금: 0원
2026-07-08 10:20:14,352 [INFO] 보유 종목: ['012330', '034730', '078930', '161390', '278470']
2026-07-08 10:20:14,352 [INFO] 총 자산 추정치: 470,368,100원
2026-07-08 10:20:14,355 [INFO] [데이터 로드] 관심 종목 + 보유 종목 (5개) 초고속 병합 중...
2026-07-08 10:20:16,920 [INFO] 
=== [실행 결과 요약] ===
2026-07-08 10:20:16,920 [INFO] ✅ <b>금일 매매 내역 없음</b>
기존 포지션을 유지하거나 신규 진입 시그널이 없습니다.
2026-07-08 10:20:16,920 [INFO] ======================

2026-07-08 10:21:13,426 [INFO] [2026-07-08 10:21:13.426372] 실전 매매 배치 시작 (Intraday)
2026-07-08 10:21:13,853 [INFO] 현재 예수금: 0원
2026-07-08 10:21:13,854 [INFO] 보유 종목: ['012330', '034730', '078930', '161390', '278470']
2026-07-08 10:21:13,854 [INFO] 총 자산 추정치: 470,578,300원
2026-07-08 10:21:13,857 [INFO] [데이터 로드] 관심 종목 + 보유 종목 (5개) 초고속 병합 중...
2026-07-08 10:21:16,405 [INFO] 
=== [실행 결과 요약] ===
2026-07-08 10:21:16,405 [INFO] ✅ <b>금일 매매 내역 없음</b>
기존 포지션을 유지하거나 신규 진입 시그널이 없습니다.
2026-07-08 10:21:16,405 [INFO] ======================

2026-07-08 10:22:13,197 [INFO] [2026-07-08 10:22:13.197925] 실전 매매 배치 시작 (Intraday)
2026-07-08 10:22:15,601 [INFO] 현재 예수금: 0원
2026-07-08 10:22:15,602 [INFO] 보유 종목: ['012330', '034730', '078930', '161390', '278470']
2026-07-08 10:22:15,602 [INFO] 총 자산 추정치: 469,190,400원
2026-07-08 10:22:15,604 [INFO] [데이터 로드] 관심 종목 + 보유 종목 (5개) 초고속 병합 중...
2026-07-08 10:22:18,150 [INFO] 
=== [실행 결과 요약] ===
2026-07-08 10:22:18,150 [INFO] ✅ <b>금일 매매 내역 없음</b>
기존 포지션을 유지하거나 신규 진입 시그널이 없습니다.
2026-07-08 10:22:18,150 [INFO] ======================

2026-07-08 10:23:14,533 [INFO] [2026-07-08 10:23:14.533222] 실전 매매 배치 시작 (Intraday)
2026-07-08 10:23:21,332 [INFO] 현재 예수금: 0원
2026-07-08 10:23:21,332 [INFO] 보유 종목: ['012330', '034730', '078930', '161390', '278470']
2026-07-08 10:23:21,334 [INFO] 총 자산 추정치: 471,214,700원
2026-07-08 10:23:21,336 [INFO] [데이터 로드] 관심 종목 + 보유 종목 (5개) 초고속 병합 중...
2026-07-08 10:23:23,890 [INFO] 
=== [실행 결과 요약] ===
2026-07-08 10:23:23,890 [INFO] ✅ <b>금일 매매 내역 없음</b>
기존 포지션을 유지하거나 신규 진입 시그널이 없습니다.
2026-07-08 10:23:23,890 [INFO] ======================

2026-07-08 10:24:10,863 [INFO] [2026-07-08 10:24:10.863672] 실전 매매 배치 시작 (Intraday)
2026-07-08 10:24:17,767 [INFO] 현재 예수금: 0원
2026-07-08 10:24:17,767 [INFO] 보유 종목: ['012330', '034730', '078930', '161390', '278470']
2026-07-08 10:24:17,767 [INFO] 총 자산 추정치: 471,923,300원
2026-07-08 10:24:17,771 [INFO] [데이터 로드] 관심 종목 + 보유 종목 (5개) 초고속 병합 중...
2026-07-08 10:24:20,340 [INFO] 
=== [실행 결과 요약] ===
2026-07-08 10:24:20,340 [INFO] ✅ <b>금일 매매 내역 없음</b>
기존 포지션을 유지하거나 신규 진입 시그널이 없습니다.
2026-07-08 10:24:20,340 [INFO] ======================

2026-07-08 10:25:07,478 [INFO] [2026-07-08 10:25:07.478768] 실전 매매 배치 시작 (Intraday)
2026-07-08 10:25:09,673 [INFO] 현재 예수금: 0원
2026-07-08 10:25:09,673 [INFO] 보유 종목: ['012330', '034730', '078930', '161390', '278470']
2026-07-08 10:25:09,673 [INFO] 총 자산 추정치: 470,992,400원
2026-07-08 10:25:09,676 [INFO] [데이터 로드] 관심 종목 + 보유 종목 (5개) 초고속 병합 중...
2026-07-08 10:25:12,231 [INFO] 
=== [실행 결과 요약] ===
2026-07-08 10:25:12,232 [INFO] ✅ <b>금일 매매 내역 없음</b>
기존 포지션을 유지하거나 신규 진입 시그널이 없습니다.
2026-07-08 10:25:12,232 [INFO] ======================

2026-07-08 10:26:08,934 [INFO] [2026-07-08 10:26:08.934111] 실전 매매 배치 시작 (Intraday)
2026-07-08 10:26:13,684 [INFO] 현재 예수금: 0원
2026-07-08 10:26:13,685 [INFO] 보유 종목: ['012330', '034730', '078930', '161390', '278470']
2026-07-08 10:26:13,685 [INFO] 총 자산 추정치: 472,362,700원
2026-07-08 10:26:13,688 [INFO] [데이터 로드] 관심 종목 + 보유 종목 (5개) 초고속 병합 중...
2026-07-08 10:26:16,255 [INFO] 
=== [실행 결과 요약] ===
2026-07-08 10:26:16,255 [INFO] ✅ <b>금일 매매 내역 없음</b>
기존 포지션을 유지하거나 신규 진입 시그널이 없습니다.
2026-07-08 10:26:16,255 [INFO] ======================

2026-07-08 10:27:11,531 [INFO] [2026-07-08 10:27:11.531418] 실전 매매 배치 시작 (Intraday)
2026-07-08 10:27:17,320 [INFO] 현재 예수금: 0원
2026-07-08 10:27:17,320 [INFO] 보유 종목: ['012330', '034730', '078930', '161390', '278470']
2026-07-08 10:27:17,320 [INFO] 총 자산 추정치: 473,142,200원
2026-07-08 10:27:17,324 [INFO] [데이터 로드] 관심 종목 + 보유 종목 (5개) 초고속 병합 중...
2026-07-08 10:27:19,880 [INFO] 
=== [실행 결과 요약] ===
2026-07-08 10:27:19,880 [INFO] ✅ <b>금일 매매 내역 없음</b>
기존 포지션을 유지하거나 신규 진입 시그널이 없습니다.
2026-07-08 10:27:19,880 [INFO] ======================

2026-07-08 10:28:06,496 [INFO] [2026-07-08 10:28:06.496149] 실전 매매 배치 시작 (Intraday)
2026-07-08 10:28:11,034 [INFO] 현재 예수금: 0원
2026-07-08 10:28:11,034 [INFO] 보유 종목: ['012330', '034730', '078930', '161390', '278470']
2026-07-08 10:28:11,034 [INFO] 총 자산 추정치: 471,436,400원
2026-07-08 10:28:11,038 [INFO] [데이터 로드] 관심 종목 + 보유 종목 (5개) 초고속 병합 중...
2026-07-08 10:28:13,615 [INFO] 
=== [실행 결과 요약] ===
2026-07-08 10:28:13,615 [INFO] ✅ <b>금일 매매 내역 없음</b>
기존 포지션을 유지하거나 신규 진입 시그널이 없습니다.
2026-07-08 10:28:13,615 [INFO] ======================

2026-07-08 10:29:10,251 [INFO] [2026-07-08 10:29:10.251183] 실전 매매 배치 시작 (Intraday)
2026-07-08 10:29:15,437 [INFO] 현재 예수금: 0원
2026-07-08 10:29:15,438 [INFO] 보유 종목: ['012330', '034730', '078930', '161390', '278470']
2026-07-08 10:29:15,438 [INFO] 총 자산 추정치: 470,779,500원
2026-07-08 10:29:15,441 [INFO] [데이터 로드] 관심 종목 + 보유 종목 (5개) 초고속 병합 중...
2026-07-08 10:29:17,991 [INFO] 
=== [실행 결과 요약] ===
2026-07-08 10:29:17,991 [INFO] ✅ <b>금일 매매 내역 없음</b>
기존 포지션을 유지하거나 신규 진입 시그널이 없습니다.
2026-07-08 10:29:17,991 [INFO] ======================

2026-07-08 10:30:13,646 [INFO] [2026-07-08 10:30:13.645805] 실전 매매 배치 시작 (Intraday)
2026-07-08 10:30:22,725 [INFO] 현재 예수금: 0원
2026-07-08 10:30:22,725 [INFO] 보유 종목: ['012330', '034730', '078930', '161390', '278470']
2026-07-08 10:30:22,725 [INFO] 총 자산 추정치: 472,768,400원
2026-07-08 10:30:22,729 [INFO] [데이터 로드] 관심 종목 + 보유 종목 (5개) 초고속 병합 중...
2026-07-08 10:30:25,294 [INFO] 
=== [실행 결과 요약] ===
2026-07-08 10:30:25,294 [INFO] ✅ <b>금일 매매 내역 없음</b>
기존 포지션을 유지하거나 신규 진입 시그널이 없습니다.
2026-07-08 10:30:25,294 [INFO] ======================

2026-07-08 10:31:11,136 [INFO] [2026-07-08 10:31:11.136226] 실전 매매 배치 시작 (Intraday)
2026-07-08 10:31:18,638 [INFO] 현재 예수금: 0원
2026-07-08 10:31:18,638 [INFO] 보유 종목: ['012330', '034730', '078930', '161390', '278470']
2026-07-08 10:31:18,638 [INFO] 총 자산 추정치: 471,514,800원
2026-07-08 10:31:18,640 [INFO] [데이터 로드] 관심 종목 + 보유 종목 (5개) 초고속 병합 중...
2026-07-08 10:31:21,210 [INFO] 
=== [실행 결과 요약] ===
2026-07-08 10:31:21,210 [INFO] ✅ <b>금일 매매 내역 없음</b>
기존 포지션을 유지하거나 신규 진입 시그널이 없습니다.
2026-07-08 10:31:21,210 [INFO] ======================

2026-07-08 10:32:08,762 [INFO] [2026-07-08 10:32:08.762443] 실전 매매 배치 시작 (Intraday)
2026-07-08 10:32:10,705 [INFO] 현재 예수금: 0원
2026-07-08 10:32:10,705 [INFO] 보유 종목: ['012330', '034730', '078930', '161390', '278470']
2026-07-08 10:32:10,705 [INFO] 총 자산 추정치: 470,957,800원
2026-07-08 10:32:10,706 [INFO] [데이터 로드] 관심 종목 + 보유 종목 (5개) 초고속 병합 중...
2026-07-08 10:32:13,266 [INFO] 
=== [실행 결과 요약] ===
2026-07-08 10:32:13,266 [INFO] ✅ <b>금일 매매 내역 없음</b>
기존 포지션을 유지하거나 신규 진입 시그널이 없습니다.
2026-07-08 10:32:13,266 [INFO] ======================

2026-07-08 10:33:09,503 [INFO] [2026-07-08 10:33:09.503650] 실전 매매 배치 시작 (Intraday)
2026-07-08 10:33:13,643 [INFO] 현재 예수금: 0원
2026-07-08 10:33:13,644 [INFO] 보유 종목: ['012330', '034730', '078930', '161390', '278470']
2026-07-08 10:33:13,644 [INFO] 총 자산 추정치: 469,459,600원
2026-07-08 10:33:13,647 [INFO] [데이터 로드] 관심 종목 + 보유 종목 (5개) 초고속 병합 중...
2026-07-08 10:33:16,197 [INFO] 
=== [실행 결과 요약] ===
2026-07-08 10:33:16,197 [INFO] ✅ <b>금일 매매 내역 없음</b>
기존 포지션을 유지하거나 신규 진입 시그널이 없습니다.
2026-07-08 10:33:16,197 [INFO] ======================

2026-07-08 10:34:12,506 [INFO] [2026-07-08 10:34:12.506153] 실전 매매 배치 시작 (Intraday)
2026-07-08 10:34:20,909 [INFO] 현재 예수금: 0원
2026-07-08 10:34:20,909 [INFO] 보유 종목: ['012330', '034730', '078930', '161390', '278470']
2026-07-08 10:34:20,909 [INFO] 총 자산 추정치: 468,250,200원
2026-07-08 10:34:20,911 [INFO] [데이터 로드] 관심 종목 + 보유 종목 (5개) 초고속 병합 중...
2026-07-08 10:34:23,454 [INFO] 
=== [실행 결과 요약] ===
2026-07-08 10:34:23,454 [INFO] ✅ <b>금일 매매 내역 없음</b>
기존 포지션을 유지하거나 신규 진입 시그널이 없습니다.
2026-07-08 10:34:23,454 [INFO] ======================

2026-07-08 10:35:09,405 [INFO] [2026-07-08 10:35:09.405929] 실전 매매 배치 시작 (Intraday)
2026-07-08 10:35:17,920 [INFO] 현재 예수금: 0원
2026-07-08 10:35:17,921 [INFO] 보유 종목: ['012330', '034730', '078930', '161390', '278470']
2026-07-08 10:35:17,921 [INFO] 총 자산 추정치: 468,356,000원
2026-07-08 10:35:17,924 [INFO] [데이터 로드] 관심 종목 + 보유 종목 (5개) 초고속 병합 중...
2026-07-08 10:35:20,494 [INFO] 
=== [실행 결과 요약] ===
2026-07-08 10:35:20,494 [INFO] ✅ <b>금일 매매 내역 없음</b>
기존 포지션을 유지하거나 신규 진입 시그널이 없습니다.
2026-07-08 10:35:20,494 [INFO] ======================

2026-07-08 10:36:06,766 [INFO] [2026-07-08 10:36:06.766141] 실전 매매 배치 시작 (Intraday)
2026-07-08 10:36:16,380 [INFO] 현재 예수금: 0원
2026-07-08 10:36:16,381 [INFO] 보유 종목: ['012330', '034730', '078930', '161390', '278470']
2026-07-08 10:36:16,381 [INFO] 총 자산 추정치: 468,569,500원
2026-07-08 10:36:16,384 [INFO] [데이터 로드] 관심 종목 + 보유 종목 (5개) 초고속 병합 중...
2026-07-08 10:36:18,932 [INFO] 
=== [실행 결과 요약] ===
2026-07-08 10:36:18,932 [INFO] ✅ <b>금일 매매 내역 없음</b>
기존 포지션을 유지하거나 신규 진입 시그널이 없습니다.
2026-07-08 10:36:18,932 [INFO] ======================

2026-07-08 10:37:15,039 [INFO] [2026-07-08 10:37:15.039596] 실전 매매 배치 시작 (Intraday)
2026-07-08 10:37:17,234 [INFO] 현재 예수금: 0원
2026-07-08 10:37:17,234 [INFO] 보유 종목: ['012330', '034730', '078930', '161390', '278470']
2026-07-08 10:37:17,235 [INFO] 총 자산 추정치: 465,414,600원
2026-07-08 10:37:17,237 [INFO] [데이터 로드] 관심 종목 + 보유 종목 (5개) 초고속 병합 중...
2026-07-08 10:37:19,811 [INFO] 
=== [실행 결과 요약] ===
2026-07-08 10:37:19,811 [INFO] ✅ <b>금일 매매 내역 없음</b>
기존 포지션을 유지하거나 신규 진입 시그널이 없습니다.
2026-07-08 10:37:19,811 [INFO] ======================

2026-07-08 10:38:06,257 [INFO] [2026-07-08 10:38:06.257666] 실전 매매 배치 시작 (Intraday)
2026-07-08 10:38:06,587 [INFO] 현재 예수금: 0원
2026-07-08 10:38:06,587 [INFO] 보유 종목: ['012330', '034730', '078930', '161390', '278470']
2026-07-08 10:38:06,587 [INFO] 총 자산 추정치: 464,923,100원
2026-07-08 10:38:06,589 [INFO] [데이터 로드] 관심 종목 + 보유 종목 (5개) 초고속 병합 중...
2026-07-08 10:38:09,138 [INFO] 
=== [실행 결과 요약] ===
2026-07-08 10:38:09,138 [INFO] ✅ <b>금일 매매 내역 없음</b>
기존 포지션을 유지하거나 신규 진입 시그널이 없습니다.
2026-07-08 10:38:09,138 [INFO] ======================

2026-07-08 10:39:15,742 [INFO] [2026-07-08 10:39:15.742465] 실전 매매 배치 시작 (Intraday)
2026-07-08 10:39:16,253 [INFO] 현재 예수금: 0원
2026-07-08 10:39:16,253 [INFO] 보유 종목: ['012330', '034730', '078930', '161390', '278470']
2026-07-08 10:39:16,254 [INFO] 총 자산 추정치: 463,783,900원
2026-07-08 10:39:16,257 [INFO] [데이터 로드] 관심 종목 + 보유 종목 (5개) 초고속 병합 중...
2026-07-08 10:39:18,829 [INFO] 
=== [실행 결과 요약] ===
2026-07-08 10:39:18,830 [INFO] ✅ <b>금일 매매 내역 없음</b>
기존 포지션을 유지하거나 신규 진입 시그널이 없습니다.
2026-07-08 10:39:18,830 [INFO] ======================

2026-07-08 10:40:15,333 [INFO] [2026-07-08 10:40:15.333101] 실전 매매 배치 시작 (Intraday)
2026-07-08 10:40:23,752 [INFO] 현재 예수금: 0원
2026-07-08 10:40:23,752 [INFO] 보유 종목: ['012330', '034730', '078930', '161390', '278470']
2026-07-08 10:40:23,752 [INFO] 총 자산 추정치: 464,192,300원
2026-07-08 10:40:23,754 [INFO] [데이터 로드] 관심 종목 + 보유 종목 (5개) 초고속 병합 중...
2026-07-08 10:40:26,299 [INFO] 
=== [실행 결과 요약] ===
2026-07-08 10:40:26,300 [INFO] ✅ <b>금일 매매 내역 없음</b>
기존 포지션을 유지하거나 신규 진입 시그널이 없습니다.
2026-07-08 10:40:26,300 [INFO] ======================

2026-07-08 10:41:12,616 [INFO] [2026-07-08 10:41:12.616769] 실전 매매 배치 시작 (Intraday)
2026-07-08 10:41:12,798 [INFO] 현재 예수금: 0원
2026-07-08 10:41:12,799 [INFO] 보유 종목: ['012330', '034730', '078930', '161390', '278470']
2026-07-08 10:41:12,799 [INFO] 총 자산 추정치: 465,144,800원
2026-07-08 10:41:12,801 [INFO] [데이터 로드] 관심 종목 + 보유 종목 (5개) 초고속 병합 중...
2026-07-08 10:41:15,360 [INFO] 
=== [실행 결과 요약] ===
2026-07-08 10:41:15,361 [INFO] ✅ <b>금일 매매 내역 없음</b>
기존 포지션을 유지하거나 신규 진입 시그널이 없습니다.
2026-07-08 10:41:15,361 [INFO] ======================

2026-07-08 10:42:12,152 [INFO] [2026-07-08 10:42:12.152546] 실전 매매 배치 시작 (Intraday)
2026-07-08 10:42:19,832 [INFO] 현재 예수금: 0원
2026-07-08 10:42:19,832 [INFO] 보유 종목: ['012330', '034730', '078930', '161390', '278470']
2026-07-08 10:42:19,833 [INFO] 총 자산 추정치: 464,744,200원
2026-07-08 10:42:19,835 [INFO] [데이터 로드] 관심 종목 + 보유 종목 (5개) 초고속 병합 중...
2026-07-08 10:42:22,407 [INFO] 
=== [실행 결과 요약] ===
2026-07-08 10:42:22,407 [INFO] ✅ <b>금일 매매 내역 없음</b>
기존 포지션을 유지하거나 신규 진입 시그널이 없습니다.
2026-07-08 10:42:22,407 [INFO] ======================

2026-07-08 10:43:08,737 [INFO] [2026-07-08 10:43:08.737981] 실전 매매 배치 시작 (Intraday)
2026-07-08 10:43:09,490 [INFO] 현재 예수금: 0원
2026-07-08 10:43:09,490 [INFO] 보유 종목: ['012330', '034730', '078930', '161390', '278470']
2026-07-08 10:43:09,490 [INFO] 총 자산 추정치: 465,861,500원
2026-07-08 10:43:09,493 [INFO] [데이터 로드] 관심 종목 + 보유 종목 (5개) 초고속 병합 중...
2026-07-08 10:43:12,063 [INFO] 
=== [실행 결과 요약] ===
2026-07-08 10:43:12,063 [INFO] ✅ <b>금일 매매 내역 없음</b>
기존 포지션을 유지하거나 신규 진입 시그널이 없습니다.
2026-07-08 10:43:12,063 [INFO] ======================

2026-07-08 10:44:08,809 [INFO] [2026-07-08 10:44:08.809336] 실전 매매 배치 시작 (Intraday)
2026-07-08 10:44:15,573 [INFO] 현재 예수금: 0원
2026-07-08 10:44:15,574 [INFO] 보유 종목: ['012330', '034730', '078930', '161390', '278470']
2026-07-08 10:44:15,574 [INFO] 총 자산 추정치: 465,357,100원
2026-07-08 10:44:15,576 [INFO] [데이터 로드] 관심 종목 + 보유 종목 (5개) 초고속 병합 중...
2026-07-08 10:44:18,125 [INFO] 
=== [실행 결과 요약] ===
2026-07-08 10:44:18,126 [INFO] ✅ <b>금일 매매 내역 없음</b>
기존 포지션을 유지하거나 신규 진입 시그널이 없습니다.
2026-07-08 10:44:18,126 [INFO] ======================

2026-07-08 10:45:13,733 [INFO] [2026-07-08 10:45:13.733540] 실전 매매 배치 시작 (Intraday)
2026-07-08 10:45:20,701 [INFO] 현재 예수금: 0원
2026-07-08 10:45:20,701 [INFO] 보유 종목: ['012330', '034730', '078930', '161390', '278470']
2026-07-08 10:45:20,701 [INFO] 총 자산 추정치: 465,304,500원
2026-07-08 10:45:20,704 [INFO] [데이터 로드] 관심 종목 + 보유 종목 (5개) 초고속 병합 중...
2026-07-08 10:45:23,259 [INFO] 
=== [실행 결과 요약] ===
2026-07-08 10:45:23,260 [INFO] ✅ <b>금일 매매 내역 없음</b>
기존 포지션을 유지하거나 신규 진입 시그널이 없습니다.
2026-07-08 10:45:23,260 [INFO] ======================

2026-07-08 10:46:09,023 [INFO] [2026-07-08 10:46:09.023170] 실전 매매 배치 시작 (Intraday)
2026-07-08 10:46:16,316 [INFO] 현재 예수금: 0원
2026-07-08 10:46:16,316 [INFO] 보유 종목: ['012330', '034730', '078930', '161390', '278470']
2026-07-08 10:46:16,317 [INFO] 총 자산 추정치: 465,469,900원
2026-07-08 10:46:16,322 [INFO] [데이터 로드] 관심 종목 + 보유 종목 (5개) 초고속 병합 중...
2026-07-08 10:46:18,884 [INFO] 
=== [실행 결과 요약] ===
2026-07-08 10:46:18,884 [INFO] ✅ <b>금일 매매 내역 없음</b>
기존 포지션을 유지하거나 신규 진입 시그널이 없습니다.
2026-07-08 10:46:18,884 [INFO] ======================

2026-07-08 10:47:15,417 [INFO] [2026-07-08 10:47:15.417132] 실전 매매 배치 시작 (Intraday)
2026-07-08 10:47:20,736 [INFO] 현재 예수금: 0원
2026-07-08 10:47:20,736 [INFO] 보유 종목: ['012330', '034730', '078930', '161390', '278470']
2026-07-08 10:47:20,736 [INFO] 총 자산 추정치: 465,805,600원
2026-07-08 10:47:20,739 [INFO] [데이터 로드] 관심 종목 + 보유 종목 (5개) 초고속 병합 중...
2026-07-08 10:47:23,295 [INFO] 
=== [실행 결과 요약] ===
2026-07-08 10:47:23,296 [INFO] ✅ <b>금일 매매 내역 없음</b>
기존 포지션을 유지하거나 신규 진입 시그널이 없습니다.
2026-07-08 10:47:23,296 [INFO] ======================

2026-07-08 10:48:09,360 [INFO] [2026-07-08 10:48:09.360583] 실전 매매 배치 시작 (Intraday)
2026-07-08 10:48:09,546 [INFO] 현재 예수금: 0원
2026-07-08 10:48:09,546 [INFO] 보유 종목: ['012330', '034730', '078930', '161390', '278470']
2026-07-08 10:48:09,546 [INFO] 총 자산 추정치: 466,985,100원
2026-07-08 10:48:09,550 [INFO] [데이터 로드] 관심 종목 + 보유 종목 (5개) 초고속 병합 중...
2026-07-08 10:48:12,105 [INFO] 
=== [실행 결과 요약] ===
2026-07-08 10:48:12,105 [INFO] ✅ <b>금일 매매 내역 없음</b>
기존 포지션을 유지하거나 신규 진입 시그널이 없습니다.
2026-07-08 10:48:12,105 [INFO] ======================

2026-07-08 10:49:08,356 [INFO] [2026-07-08 10:49:08.356776] 실전 매매 배치 시작 (Intraday)
2026-07-08 10:49:15,445 [INFO] 현재 예수금: 0원
2026-07-08 10:49:15,446 [INFO] 보유 종목: ['012330', '034730', '078930', '161390', '278470']
2026-07-08 10:49:15,446 [INFO] 총 자산 추정치: 465,312,700원
2026-07-08 10:49:15,448 [INFO] [데이터 로드] 관심 종목 + 보유 종목 (5개) 초고속 병합 중...
2026-07-08 10:49:17,999 [INFO] 
=== [실행 결과 요약] ===
2026-07-08 10:49:17,999 [INFO] ✅ <b>금일 매매 내역 없음</b>
기존 포지션을 유지하거나 신규 진입 시그널이 없습니다.
2026-07-08 10:49:18,000 [INFO] ======================

2026-07-08 10:50:14,350 [INFO] [2026-07-08 10:50:14.350777] 실전 매매 배치 시작 (Intraday)
2026-07-08 10:50:14,864 [INFO] 현재 예수금: 0원
2026-07-08 10:50:14,864 [INFO] 보유 종목: ['012330', '034730', '078930', '161390', '278470']
2026-07-08 10:50:14,864 [INFO] 총 자산 추정치: 466,278,100원
2026-07-08 10:50:14,868 [INFO] [데이터 로드] 관심 종목 + 보유 종목 (5개) 초고속 병합 중...
2026-07-08 10:50:17,428 [INFO] 
=== [실행 결과 요약] ===
2026-07-08 10:50:17,428 [INFO] ✅ <b>금일 매매 내역 없음</b>
기존 포지션을 유지하거나 신규 진입 시그널이 없습니다.
2026-07-08 10:50:17,428 [INFO] ======================

2026-07-08 10:51:13,164 [INFO] [2026-07-08 10:51:13.164113] 실전 매매 배치 시작 (Intraday)
2026-07-08 10:51:14,774 [INFO] 현재 예수금: 0원
2026-07-08 10:51:14,774 [INFO] 보유 종목: ['012330', '034730', '078930', '161390', '278470']
2026-07-08 10:51:14,774 [INFO] 총 자산 추정치: 467,480,300원
2026-07-08 10:51:14,777 [INFO] [데이터 로드] 관심 종목 + 보유 종목 (5개) 초고속 병합 중...
2026-07-08 10:51:17,344 [INFO] 
=== [실행 결과 요약] ===
2026-07-08 10:51:17,344 [INFO] ✅ <b>금일 매매 내역 없음</b>
기존 포지션을 유지하거나 신규 진입 시그널이 없습니다.
2026-07-08 10:51:17,344 [INFO] ======================

2026-07-08 10:52:11,958 [INFO] [2026-07-08 10:52:11.958320] 실전 매매 배치 시작 (Intraday)
2026-07-08 10:52:19,182 [INFO] 현재 예수금: 0원
2026-07-08 10:52:19,182 [INFO] 보유 종목: ['012330', '034730', '078930', '161390', '278470']
2026-07-08 10:52:19,182 [INFO] 총 자산 추정치: 465,643,900원
2026-07-08 10:52:19,184 [INFO] [데이터 로드] 관심 종목 + 보유 종목 (5개) 초고속 병합 중...
2026-07-08 10:52:21,750 [INFO] 
=== [실행 결과 요약] ===
2026-07-08 10:52:21,750 [INFO] ✅ <b>금일 매매 내역 없음</b>
기존 포지션을 유지하거나 신규 진입 시그널이 없습니다.
2026-07-08 10:52:21,751 [INFO] ======================

2026-07-08 10:53:06,221 [INFO] [2026-07-08 10:53:06.221975] 실전 매매 배치 시작 (Intraday)
2026-07-08 10:53:06,692 [INFO] 현재 예수금: 0원
2026-07-08 10:53:06,692 [INFO] 보유 종목: ['012330', '034730', '078930', '161390', '278470']
2026-07-08 10:53:06,692 [INFO] 총 자산 추정치: 465,479,100원
2026-07-08 10:53:06,696 [INFO] [데이터 로드] 관심 종목 + 보유 종목 (5개) 초고속 병합 중...
2026-07-08 10:53:09,247 [INFO] 
=== [실행 결과 요약] ===
2026-07-08 10:53:09,247 [INFO] ✅ <b>금일 매매 내역 없음</b>
기존 포지션을 유지하거나 신규 진입 시그널이 없습니다.
2026-07-08 10:53:09,247 [INFO] ======================

2026-07-08 10:54:14,080 [INFO] [2026-07-08 10:54:14.080081] 실전 매매 배치 시작 (Intraday)
2026-07-08 10:54:20,839 [INFO] 현재 예수금: 0원
2026-07-08 10:54:20,839 [INFO] 보유 종목: ['012330', '034730', '078930', '161390', '278470']
2026-07-08 10:54:20,839 [INFO] 총 자산 추정치: 463,368,200원
2026-07-08 10:54:20,841 [INFO] [데이터 로드] 관심 종목 + 보유 종목 (5개) 초고속 병합 중...
2026-07-08 10:54:23,413 [INFO] 
=== [실행 결과 요약] ===
2026-07-08 10:54:23,413 [INFO] ✅ <b>금일 매매 내역 없음</b>
기존 포지션을 유지하거나 신규 진입 시그널이 없습니다.
2026-07-08 10:54:23,414 [INFO] ======================

2026-07-08 10:55:08,118 [INFO] [2026-07-08 10:55:08.118065] 실전 매매 배치 시작 (Intraday)
2026-07-08 10:55:15,214 [INFO] 현재 예수금: 0원
2026-07-08 10:55:15,214 [INFO] 보유 종목: ['012330', '034730', '078930', '161390', '278470']
2026-07-08 10:55:15,214 [INFO] 총 자산 추정치: 463,254,000원
2026-07-08 10:55:15,217 [INFO] [데이터 로드] 관심 종목 + 보유 종목 (5개) 초고속 병합 중...
2026-07-08 10:55:17,788 [INFO] 
=== [실행 결과 요약] ===
2026-07-08 10:55:17,788 [INFO] ✅ <b>금일 매매 내역 없음</b>
기존 포지션을 유지하거나 신규 진입 시그널이 없습니다.
2026-07-08 10:55:17,788 [INFO] ======================

2026-07-08 10:56:12,476 [INFO] [2026-07-08 10:56:12.476745] 실전 매매 배치 시작 (Intraday)
2026-07-08 10:56:12,857 [INFO] 현재 예수금: 0원
2026-07-08 10:56:12,858 [INFO] 보유 종목: ['012330', '034730', '078930', '161390', '278470']
2026-07-08 10:56:12,858 [INFO] 총 자산 추정치: 462,639,300원
2026-07-08 10:56:12,860 [INFO] [데이터 로드] 관심 종목 + 보유 종목 (5개) 초고속 병합 중...
2026-07-08 10:56:15,431 [INFO] 
=== [실행 결과 요약] ===
2026-07-08 10:56:15,431 [INFO] ✅ <b>금일 매매 내역 없음</b>
기존 포지션을 유지하거나 신규 진입 시그널이 없습니다.
2026-07-08 10:56:15,431 [INFO] ======================

2026-07-08 10:57:10,775 [INFO] [2026-07-08 10:57:10.775197] 실전 매매 배치 시작 (Intraday)
2026-07-08 10:57:12,151 [INFO] 현재 예수금: 0원
2026-07-08 10:57:12,151 [INFO] 보유 종목: ['012330', '034730', '078930', '161390', '278470']
2026-07-08 10:57:12,151 [INFO] 총 자산 추정치: 462,900,900원
2026-07-08 10:57:12,155 [INFO] [데이터 로드] 관심 종목 + 보유 종목 (5개) 초고속 병합 중...
2026-07-08 10:57:14,723 [INFO] 
=== [실행 결과 요약] ===
2026-07-08 10:57:14,724 [INFO] ✅ <b>금일 매매 내역 없음</b>
기존 포지션을 유지하거나 신규 진입 시그널이 없습니다.
2026-07-08 10:57:14,724 [INFO] ======================

2026-07-08 10:58:10,626 [INFO] [2026-07-08 10:58:10.626607] 실전 매매 배치 시작 (Intraday)
2026-07-08 10:58:11,039 [INFO] 현재 예수금: 0원
2026-07-08 10:58:11,040 [INFO] 보유 종목: ['012330', '034730', '078930', '161390', '278470']
2026-07-08 10:58:11,040 [INFO] 총 자산 추정치: 464,832,700원
2026-07-08 10:58:11,044 [INFO] [데이터 로드] 관심 종목 + 보유 종목 (5개) 초고속 병합 중...
2026-07-08 10:58:13,587 [INFO] 
=== [실행 결과 요약] ===
2026-07-08 10:58:13,587 [INFO] ✅ <b>금일 매매 내역 없음</b>
기존 포지션을 유지하거나 신규 진입 시그널이 없습니다.
2026-07-08 10:58:13,587 [INFO] ======================

2026-07-08 10:59:08,971 [INFO] [2026-07-08 10:59:08.971392] 실전 매매 배치 시작 (Intraday)
2026-07-08 10:59:16,887 [INFO] 현재 예수금: 0원
2026-07-08 10:59:16,887 [INFO] 보유 종목: ['012330', '034730', '078930', '161390', '278470']
2026-07-08 10:59:16,887 [INFO] 총 자산 추정치: 464,176,200원
2026-07-08 10:59:16,890 [INFO] [데이터 로드] 관심 종목 + 보유 종목 (5개) 초고속 병합 중...
2026-07-08 10:59:19,447 [INFO] 
=== [실행 결과 요약] ===
2026-07-08 10:59:19,448 [INFO] ✅ <b>금일 매매 내역 없음</b>
기존 포지션을 유지하거나 신규 진입 시그널이 없습니다.
2026-07-08 10:59:19,448 [INFO] ======================

2026-07-08 11:00:23,453 [INFO] [2026-07-08 11:00:23.453859] 실전 매매 배치 시작 (Intraday)
2026-07-08 11:00:35,764 [INFO] 현재 예수금: 0원
2026-07-08 11:00:35,765 [INFO] 보유 종목: ['012330', '034730', '078930', '161390', '278470']
2026-07-08 11:00:35,765 [INFO] 총 자산 추정치: 464,266,700원
2026-07-08 11:00:35,767 [INFO] [데이터 로드] 관심 종목 + 보유 종목 (5개) 초고속 병합 중...
2026-07-08 11:00:38,323 [INFO] 
=== [실행 결과 요약] ===
2026-07-08 11:00:38,324 [INFO] ✅ <b>금일 매매 내역 없음</b>
기존 포지션을 유지하거나 신규 진입 시그널이 없습니다.
2026-07-08 11:00:38,324 [INFO] ======================

2026-07-08 11:01:13,297 [INFO] [2026-07-08 11:01:13.297934] 실전 매매 배치 시작 (Intraday)
2026-07-08 11:01:21,700 [INFO] 현재 예수금: 0원
2026-07-08 11:01:21,700 [INFO] 보유 종목: ['012330', '034730', '078930', '161390', '278470']
2026-07-08 11:01:21,700 [INFO] 총 자산 추정치: 463,439,100원
2026-07-08 11:01:21,704 [INFO] [데이터 로드] 관심 종목 + 보유 종목 (5개) 초고속 병합 중...
2026-07-08 11:01:24,258 [INFO] 
=== [실행 결과 요약] ===
2026-07-08 11:01:24,258 [INFO] ✅ <b>금일 매매 내역 없음</b>
기존 포지션을 유지하거나 신규 진입 시그널이 없습니다.
2026-07-08 11:01:24,258 [INFO] ======================

2026-07-08 11:02:08,664 [INFO] [2026-07-08 11:02:08.664759] 실전 매매 배치 시작 (Intraday)
2026-07-08 11:02:10,645 [INFO] 현재 예수금: 0원
2026-07-08 11:02:10,645 [INFO] 보유 종목: ['012330', '034730', '078930', '161390', '278470']
2026-07-08 11:02:10,645 [INFO] 총 자산 추정치: 464,210,200원
2026-07-08 11:02:10,647 [INFO] [데이터 로드] 관심 종목 + 보유 종목 (5개) 초고속 병합 중...
2026-07-08 11:02:13,206 [INFO] 
=== [실행 결과 요약] ===
2026-07-08 11:02:13,206 [INFO] ✅ <b>금일 매매 내역 없음</b>
기존 포지션을 유지하거나 신규 진입 시그널이 없습니다.
2026-07-08 11:02:13,206 [INFO] ======================

2026-07-08 11:03:08,421 [INFO] [2026-07-08 11:03:08.421577] 실전 매매 배치 시작 (Intraday)
2026-07-08 11:03:11,266 [INFO] 현재 예수금: 0원
2026-07-08 11:03:11,266 [INFO] 보유 종목: ['012330', '034730', '078930', '161390', '278470']
2026-07-08 11:03:11,266 [INFO] 총 자산 추정치: 462,625,300원
2026-07-08 11:03:11,268 [INFO] [데이터 로드] 관심 종목 + 보유 종목 (5개) 초고속 병합 중...
2026-07-08 11:03:13,834 [INFO] 
=== [실행 결과 요약] ===
2026-07-08 11:03:13,834 [INFO] ✅ <b>금일 매매 내역 없음</b>
기존 포지션을 유지하거나 신규 진입 시그널이 없습니다.
2026-07-08 11:03:13,834 [INFO] ======================

2026-07-08 11:04:08,834 [INFO] [2026-07-08 11:04:08.832853] 실전 매매 배치 시작 (Intraday)
2026-07-08 11:04:15,032 [INFO] 현재 예수금: 0원
2026-07-08 11:04:15,032 [INFO] 보유 종목: ['012330', '034730', '078930', '161390', '278470']
2026-07-08 11:04:15,032 [INFO] 총 자산 추정치: 462,495,400원
2026-07-08 11:04:15,036 [INFO] [데이터 로드] 관심 종목 + 보유 종목 (5개) 초고속 병합 중...
2026-07-08 11:04:17,603 [INFO] 
=== [실행 결과 요약] ===
2026-07-08 11:04:17,603 [INFO] ✅ <b>금일 매매 내역 없음</b>
기존 포지션을 유지하거나 신규 진입 시그널이 없습니다.
2026-07-08 11:04:17,603 [INFO] ======================

2026-07-08 11:05:13,187 [INFO] [2026-07-08 11:05:13.187095] 실전 매매 배치 시작 (Intraday)
2026-07-08 11:05:20,960 [INFO] 현재 예수금: 0원
2026-07-08 11:05:20,961 [INFO] 보유 종목: ['012330', '034730', '078930', '161390', '278470']
2026-07-08 11:05:20,961 [INFO] 총 자산 추정치: 461,767,600원
2026-07-08 11:05:20,963 [INFO] [데이터 로드] 관심 종목 + 보유 종목 (5개) 초고속 병합 중...
2026-07-08 11:05:23,510 [INFO] 
=== [실행 결과 요약] ===
2026-07-08 11:05:23,510 [INFO] ✅ <b>금일 매매 내역 없음</b>
기존 포지션을 유지하거나 신규 진입 시그널이 없습니다.
2026-07-08 11:05:23,510 [INFO] ======================

2026-07-08 11:06:08,171 [INFO] [2026-07-08 11:06:08.171834] 실전 매매 배치 시작 (Intraday)
2026-07-08 11:06:12,009 [INFO] 현재 예수금: 0원
2026-07-08 11:06:12,010 [INFO] 보유 종목: ['012330', '034730', '078930', '161390', '278470']
2026-07-08 11:06:12,010 [INFO] 총 자산 추정치: 461,631,400원
2026-07-08 11:06:12,014 [INFO] [데이터 로드] 관심 종목 + 보유 종목 (5개) 초고속 병합 중...
2026-07-08 11:06:14,566 [INFO] 
=== [실행 결과 요약] ===
2026-07-08 11:06:14,566 [INFO] ✅ <b>금일 매매 내역 없음</b>
기존 포지션을 유지하거나 신규 진입 시그널이 없습니다.
2026-07-08 11:06:14,566 [INFO] ======================

2026-07-08 11:07:09,849 [INFO] [2026-07-08 11:07:09.849219] 실전 매매 배치 시작 (Intraday)
2026-07-08 11:07:18,672 [INFO] 현재 예수금: 0원
2026-07-08 11:07:18,672 [INFO] 보유 종목: ['012330', '034730', '078930', '161390', '278470']
2026-07-08 11:07:18,673 [INFO] 총 자산 추정치: 461,452,500원
2026-07-08 11:07:18,676 [INFO] [데이터 로드] 관심 종목 + 보유 종목 (5개) 초고속 병합 중...
2026-07-08 11:07:21,225 [INFO] 
=== [실행 결과 요약] ===
2026-07-08 11:07:21,225 [INFO] ✅ <b>금일 매매 내역 없음</b>
기존 포지션을 유지하거나 신규 진입 시그널이 없습니다.
2026-07-08 11:07:21,225 [INFO] ======================

2026-07-08 11:08:06,136 [INFO] [2026-07-08 11:08:06.136357] 실전 매매 배치 시작 (Intraday)
2026-07-08 11:08:07,357 [INFO] 현재 예수금: 0원
2026-07-08 11:08:07,357 [INFO] 보유 종목: ['012330', '034730', '078930', '161390', '278470']
2026-07-08 11:08:07,357 [INFO] 총 자산 추정치: 460,421,500원
2026-07-08 11:08:07,361 [INFO] [데이터 로드] 관심 종목 + 보유 종목 (5개) 초고속 병합 중...
2026-07-08 11:08:09,924 [INFO] 
=== [실행 결과 요약] ===
2026-07-08 11:08:09,925 [INFO] ✅ <b>금일 매매 내역 없음</b>
기존 포지션을 유지하거나 신규 진입 시그널이 없습니다.
2026-07-08 11:08:09,925 [INFO] ======================

2026-07-08 11:09:05,571 [INFO] [2026-07-08 11:09:05.571232] 실전 매매 배치 시작 (Intraday)
2026-07-08 11:09:06,506 [INFO] 현재 예수금: 0원
2026-07-08 11:09:06,506 [INFO] 보유 종목: ['012330', '034730', '078930', '161390', '278470']
2026-07-08 11:09:06,506 [INFO] 총 자산 추정치: 459,049,800원
2026-07-08 11:09:06,508 [INFO] [데이터 로드] 관심 종목 + 보유 종목 (5개) 초고속 병합 중...
2026-07-08 11:09:09,073 [INFO] 
=== [실행 결과 요약] ===
2026-07-08 11:09:09,073 [INFO] ✅ <b>금일 매매 내역 없음</b>
기존 포지션을 유지하거나 신규 진입 시그널이 없습니다.
2026-07-08 11:09:09,073 [INFO] ======================

2026-07-08 11:10:13,726 [INFO] [2026-07-08 11:10:13.726827] 실전 매매 배치 시작 (Intraday)
2026-07-08 11:10:21,770 [INFO] 현재 예수금: 0원
2026-07-08 11:10:21,771 [INFO] 보유 종목: ['012330', '034730', '078930', '161390', '278470']
2026-07-08 11:10:21,771 [INFO] 총 자산 추정치: 459,938,500원
2026-07-08 11:10:21,773 [INFO] [데이터 로드] 관심 종목 + 보유 종목 (5개) 초고속 병합 중...
2026-07-08 11:10:24,336 [INFO] 
=== [실행 결과 요약] ===
2026-07-08 11:10:24,336 [INFO] ✅ <b>금일 매매 내역 없음</b>
기존 포지션을 유지하거나 신규 진입 시그널이 없습니다.
2026-07-08 11:10:24,336 [INFO] ======================

2026-07-08 11:11:09,877 [INFO] [2026-07-08 11:11:09.877540] 실전 매매 배치 시작 (Intraday)
2026-07-08 11:11:12,156 [INFO] 현재 예수금: 0원
2026-07-08 11:11:12,156 [INFO] 보유 종목: ['012330', '034730', '078930', '161390', '278470']
2026-07-08 11:11:12,156 [INFO] 총 자산 추정치: 461,841,600원
2026-07-08 11:11:12,158 [INFO] [데이터 로드] 관심 종목 + 보유 종목 (5개) 초고속 병합 중...
2026-07-08 11:11:14,713 [INFO] 
=== [실행 결과 요약] ===
2026-07-08 11:11:14,713 [INFO] ✅ <b>금일 매매 내역 없음</b>
기존 포지션을 유지하거나 신규 진입 시그널이 없습니다.
2026-07-08 11:11:14,713 [INFO] ======================

2026-07-08 11:12:09,977 [INFO] [2026-07-08 11:12:09.977634] 실전 매매 배치 시작 (Intraday)
2026-07-08 11:12:11,947 [INFO] 현재 예수금: 0원
2026-07-08 11:12:11,947 [INFO] 보유 종목: ['012330', '034730', '078930', '161390', '278470']
2026-07-08 11:12:11,947 [INFO] 총 자산 추정치: 460,320,800원
2026-07-08 11:12:11,950 [INFO] [데이터 로드] 관심 종목 + 보유 종목 (5개) 초고속 병합 중...
2026-07-08 11:12:14,502 [INFO] 
=== [실행 결과 요약] ===
2026-07-08 11:12:14,502 [INFO] ✅ <b>금일 매매 내역 없음</b>
기존 포지션을 유지하거나 신규 진입 시그널이 없습니다.
2026-07-08 11:12:14,502 [INFO] ======================

2026-07-08 11:13:09,638 [INFO] [2026-07-08 11:13:09.638085] 실전 매매 배치 시작 (Intraday)
2026-07-08 11:13:10,207 [INFO] 현재 예수금: 0원
2026-07-08 11:13:10,207 [INFO] 보유 종목: ['012330', '034730', '078930', '161390', '278470']
2026-07-08 11:13:10,207 [INFO] 총 자산 추정치: 460,329,800원
2026-07-08 11:13:10,210 [INFO] [데이터 로드] 관심 종목 + 보유 종목 (5개) 초고속 병합 중...
2026-07-08 11:13:12,783 [INFO] 
=== [실행 결과 요약] ===
2026-07-08 11:13:12,783 [INFO] ✅ <b>금일 매매 내역 없음</b>
기존 포지션을 유지하거나 신규 진입 시그널이 없습니다.
2026-07-08 11:13:12,783 [INFO] ======================

2026-07-08 11:14:08,353 [INFO] [2026-07-08 11:14:08.353650] 실전 매매 배치 시작 (Intraday)
2026-07-08 11:14:08,588 [INFO] 현재 예수금: 0원
2026-07-08 11:14:08,588 [INFO] 보유 종목: ['012330', '034730', '078930', '161390', '278470']
2026-07-08 11:14:08,588 [INFO] 총 자산 추정치: 460,238,400원
2026-07-08 11:14:08,591 [INFO] [데이터 로드] 관심 종목 + 보유 종목 (5개) 초고속 병합 중...
2026-07-08 11:14:11,152 [INFO] 
=== [실행 결과 요약] ===
2026-07-08 11:14:11,152 [INFO] ✅ <b>금일 매매 내역 없음</b>
기존 포지션을 유지하거나 신규 진입 시그널이 없습니다.
2026-07-08 11:14:11,153 [INFO] ======================

2026-07-08 11:15:05,881 [INFO] [2026-07-08 11:15:05.881290] 실전 매매 배치 시작 (Intraday)
2026-07-08 11:15:06,097 [INFO] 현재 예수금: 0원
2026-07-08 11:15:06,097 [INFO] 보유 종목: ['012330', '034730', '078930', '161390', '278470']
2026-07-08 11:15:06,097 [INFO] 총 자산 추정치: 459,529,000원
2026-07-08 11:15:06,100 [INFO] [데이터 로드] 관심 종목 + 보유 종목 (5개) 초고속 병합 중...
2026-07-08 11:15:08,667 [INFO] 
=== [실행 결과 요약] ===
2026-07-08 11:15:08,667 [INFO] ✅ <b>금일 매매 내역 없음</b>
기존 포지션을 유지하거나 신규 진입 시그널이 없습니다.
2026-07-08 11:15:08,667 [INFO] ======================

2026-07-08 11:16:14,994 [INFO] [2026-07-08 11:16:14.994392] 실전 매매 배치 시작 (Intraday)
2026-07-08 11:16:15,657 [INFO] 현재 예수금: 0원
2026-07-08 11:16:15,658 [INFO] 보유 종목: ['012330', '034730', '078930', '161390', '278470']
2026-07-08 11:16:15,658 [INFO] 총 자산 추정치: 459,471,900원
2026-07-08 11:16:15,660 [INFO] [데이터 로드] 관심 종목 + 보유 종목 (5개) 초고속 병합 중...
2026-07-08 11:16:18,215 [INFO] 
=== [실행 결과 요약] ===
2026-07-08 11:16:18,215 [INFO] ✅ <b>금일 매매 내역 없음</b>
기존 포지션을 유지하거나 신규 진입 시그널이 없습니다.
2026-07-08 11:16:18,215 [INFO] ======================

2026-07-08 11:17:15,345 [INFO] [2026-07-08 11:17:15.345443] 실전 매매 배치 시작 (Intraday)
2026-07-08 11:17:15,606 [INFO] 현재 예수금: 0원
2026-07-08 11:17:15,606 [INFO] 보유 종목: ['012330', '034730', '078930', '161390', '278470']
2026-07-08 11:17:15,606 [INFO] 총 자산 추정치: 458,086,700원
2026-07-08 11:17:15,607 [INFO] [데이터 로드] 관심 종목 + 보유 종목 (5개) 초고속 병합 중...
2026-07-08 11:17:18,169 [INFO] 
=== [실행 결과 요약] ===
2026-07-08 11:17:18,169 [INFO] ✅ <b>금일 매매 내역 없음</b>
기존 포지션을 유지하거나 신규 진입 시그널이 없습니다.
2026-07-08 11:17:18,169 [INFO] ======================

2026-07-08 11:18:18,427 [INFO] [2026-07-08 11:18:18.427341] 실전 매매 배치 시작 (Intraday)
2026-07-08 11:18:24,913 [INFO] 현재 예수금: 0원
2026-07-08 11:18:24,913 [INFO] 보유 종목: ['012330', '034730', '078930', '161390', '278470']
2026-07-08 11:18:24,914 [INFO] 총 자산 추정치: 458,726,700원
2026-07-08 11:18:24,917 [INFO] [데이터 로드] 관심 종목 + 보유 종목 (5개) 초고속 병합 중...
2026-07-08 11:18:27,468 [INFO] 
=== [실행 결과 요약] ===
2026-07-08 11:18:27,468 [INFO] ✅ <b>금일 매매 내역 없음</b>
기존 포지션을 유지하거나 신규 진입 시그널이 없습니다.
2026-07-08 11:18:27,468 [INFO] ======================

2026-07-08 11:19:18,287 [INFO] [2026-07-08 11:19:18.287984] 실전 매매 배치 시작 (Intraday)
2026-07-08 11:19:18,645 [INFO] 현재 예수금: 0원
2026-07-08 11:19:18,645 [INFO] 보유 종목: ['012330', '034730', '078930', '161390', '278470']
2026-07-08 11:19:18,646 [INFO] 총 자산 추정치: 460,615,700원
2026-07-08 11:19:18,651 [INFO] [데이터 로드] 관심 종목 + 보유 종목 (5개) 초고속 병합 중...
2026-07-08 11:19:21,211 [INFO] 
=== [실행 결과 요약] ===
2026-07-08 11:19:21,212 [INFO] ✅ <b>금일 매매 내역 없음</b>
기존 포지션을 유지하거나 신규 진입 시그널이 없습니다.
2026-07-08 11:19:21,212 [INFO] ======================

2026-07-08 11:20:07,643 [INFO] [2026-07-08 11:20:07.643656] 실전 매매 배치 시작 (Intraday)
2026-07-08 11:20:14,176 [INFO] 현재 예수금: 0원
2026-07-08 11:20:14,176 [INFO] 보유 종목: ['012330', '034730', '078930', '161390', '278470']
2026-07-08 11:20:14,176 [INFO] 총 자산 추정치: 461,061,900원
2026-07-08 11:20:14,180 [INFO] [데이터 로드] 관심 종목 + 보유 종목 (5개) 초고속 병합 중...
2026-07-08 11:20:16,721 [INFO] 
=== [실행 결과 요약] ===
2026-07-08 11:20:16,721 [INFO] ✅ <b>금일 매매 내역 없음</b>
기존 포지션을 유지하거나 신규 진입 시그널이 없습니다.
2026-07-08 11:20:16,721 [INFO] ======================

2026-07-08 11:21:12,458 [INFO] [2026-07-08 11:21:12.458866] 실전 매매 배치 시작 (Intraday)
2026-07-08 11:21:17,535 [INFO] 현재 예수금: 0원
2026-07-08 11:21:17,535 [INFO] 보유 종목: ['012330', '034730', '078930', '161390', '278470']
2026-07-08 11:21:17,535 [INFO] 총 자산 추정치: 459,210,300원
2026-07-08 11:21:17,537 [INFO] [데이터 로드] 관심 종목 + 보유 종목 (5개) 초고속 병합 중...
2026-07-08 11:21:20,090 [INFO] 
=== [실행 결과 요약] ===
2026-07-08 11:21:20,090 [INFO] ✅ <b>금일 매매 내역 없음</b>
기존 포지션을 유지하거나 신규 진입 시그널이 없습니다.
2026-07-08 11:21:20,090 [INFO] ======================

2026-07-08 11:22:04,291 [INFO] [2026-07-08 11:22:04.291459] 실전 매매 배치 시작 (Intraday)
2026-07-08 11:22:09,366 [INFO] 현재 예수금: 0원
2026-07-08 11:22:09,366 [INFO] 보유 종목: ['012330', '034730', '078930', '161390', '278470']
2026-07-08 11:22:09,366 [INFO] 총 자산 추정치: 459,615,700원
2026-07-08 11:22:09,369 [INFO] [데이터 로드] 관심 종목 + 보유 종목 (5개) 초고속 병합 중...
2026-07-08 11:22:11,931 [INFO] 
=== [실행 결과 요약] ===
2026-07-08 11:22:11,931 [INFO] ✅ <b>금일 매매 내역 없음</b>
기존 포지션을 유지하거나 신규 진입 시그널이 없습니다.
2026-07-08 11:22:11,931 [INFO] ======================

2026-07-08 11:23:17,679 [INFO] [2026-07-08 11:23:17.679299] 실전 매매 배치 시작 (Intraday)
2026-07-08 11:23:23,698 [INFO] 현재 예수금: 0원
2026-07-08 11:23:23,698 [INFO] 보유 종목: ['012330', '034730', '078930', '161390', '278470']
2026-07-08 11:23:23,698 [INFO] 총 자산 추정치: 460,094,200원
2026-07-08 11:23:23,705 [INFO] [데이터 로드] 관심 종목 + 보유 종목 (5개) 초고속 병합 중...
2026-07-08 11:23:26,274 [INFO] 
=== [실행 결과 요약] ===
2026-07-08 11:23:26,275 [INFO] ✅ <b>금일 매매 내역 없음</b>
기존 포지션을 유지하거나 신규 진입 시그널이 없습니다.
2026-07-08 11:23:26,275 [INFO] ======================

2026-07-08 11:24:27,952 [INFO] [2026-07-08 11:24:27.952094] 실전 매매 배치 시작 (Intraday)
2026-07-08 11:24:28,996 [INFO] 현재 예수금: 0원
2026-07-08 11:24:28,996 [INFO] 보유 종목: ['012330', '034730', '078930', '161390', '278470']
2026-07-08 11:24:28,996 [INFO] 총 자산 추정치: 460,102,600원
2026-07-08 11:24:29,005 [INFO] [데이터 로드] 관심 종목 + 보유 종목 (5개) 초고속 병합 중...
2026-07-08 11:24:31,544 [INFO] 
=== [실행 결과 요약] ===
2026-07-08 11:24:31,544 [INFO] ✅ <b>금일 매매 내역 없음</b>
기존 포지션을 유지하거나 신규 진입 시그널이 없습니다.
2026-07-08 11:24:31,544 [INFO] ======================

2026-07-08 11:25:17,957 [INFO] [2026-07-08 11:25:17.957781] 실전 매매 배치 시작 (Intraday)
2026-07-08 11:25:24,836 [INFO] 현재 예수금: 0원
2026-07-08 11:25:24,837 [INFO] 보유 종목: ['012330', '034730', '078930', '161390', '278470']
2026-07-08 11:25:24,837 [INFO] 총 자산 추정치: 460,054,500원
2026-07-08 11:25:24,841 [INFO] [데이터 로드] 관심 종목 + 보유 종목 (5개) 초고속 병합 중...
2026-07-08 11:25:27,403 [INFO] 
=== [실행 결과 요약] ===
2026-07-08 11:25:27,403 [INFO] ✅ <b>금일 매매 내역 없음</b>
기존 포지션을 유지하거나 신규 진입 시그널이 없습니다.
2026-07-08 11:25:27,404 [INFO] ======================

2026-07-08 11:26:20,509 [INFO] [2026-07-08 11:26:20.509433] 실전 매매 배치 시작 (Intraday)
2026-07-08 11:26:26,683 [INFO] 현재 예수금: 0원
2026-07-08 11:26:26,683 [INFO] 보유 종목: ['012330', '034730', '078930', '161390', '278470']
2026-07-08 11:26:26,683 [INFO] 총 자산 추정치: 460,741,400원
2026-07-08 11:26:26,692 [INFO] [데이터 로드] 관심 종목 + 보유 종목 (5개) 초고속 병합 중...
2026-07-08 11:26:29,239 [INFO] 
=== [실행 결과 요약] ===
2026-07-08 11:26:29,239 [INFO] ✅ <b>금일 매매 내역 없음</b>
기존 포지션을 유지하거나 신규 진입 시그널이 없습니다.
2026-07-08 11:26:29,239 [INFO] ======================

2026-07-08 11:27:31,777 [INFO] [2026-07-08 11:27:31.777361] 실전 매매 배치 시작 (Intraday)
2026-07-08 11:27:39,091 [INFO] 현재 예수금: 0원
2026-07-08 11:27:39,091 [INFO] 보유 종목: ['012330', '034730', '078930', '161390', '278470']
2026-07-08 11:27:39,092 [INFO] 총 자산 추정치: 462,231,200원
2026-07-08 11:27:39,097 [INFO] [데이터 로드] 관심 종목 + 보유 종목 (5개) 초고속 병합 중...
2026-07-08 11:27:41,662 [INFO] 
=== [실행 결과 요약] ===
2026-07-08 11:27:41,662 [INFO] ✅ <b>금일 매매 내역 없음</b>
기존 포지션을 유지하거나 신규 진입 시그널이 없습니다.
2026-07-08 11:27:41,662 [INFO] ======================

2026-07-08 11:28:23,441 [INFO] [2026-07-08 11:28:23.441107] 실전 매매 배치 시작 (Intraday)
2026-07-08 11:28:23,638 [INFO] 현재 예수금: 0원
2026-07-08 11:28:23,638 [INFO] 보유 종목: ['012330', '034730', '078930', '161390', '278470']
2026-07-08 11:28:23,638 [INFO] 총 자산 추정치: 462,487,200원
2026-07-08 11:28:23,651 [INFO] [데이터 로드] 관심 종목 + 보유 종목 (5개) 초고속 병합 중...
2026-07-08 11:28:26,206 [INFO] 
=== [실행 결과 요약] ===
2026-07-08 11:28:26,206 [INFO] ✅ <b>금일 매매 내역 없음</b>
기존 포지션을 유지하거나 신규 진입 시그널이 없습니다.
2026-07-08 11:28:26,206 [INFO] ======================

2026-07-08 11:29:25,414 [INFO] [2026-07-08 11:29:25.414873] 실전 매매 배치 시작 (Intraday)
2026-07-08 11:29:26,719 [INFO] 현재 예수금: 0원
2026-07-08 11:29:26,719 [INFO] 보유 종목: ['012330', '034730', '078930', '161390', '278470']
2026-07-08 11:29:26,719 [INFO] 총 자산 추정치: 461,803,600원
2026-07-08 11:29:26,719 [INFO] [데이터 로드] 관심 종목 + 보유 종목 (5개) 초고속 병합 중...
2026-07-08 11:29:29,252 [INFO] 
=== [실행 결과 요약] ===
2026-07-08 11:29:29,252 [INFO] ✅ <b>금일 매매 내역 없음</b>
기존 포지션을 유지하거나 신규 진입 시그널이 없습니다.
2026-07-08 11:29:29,252 [INFO] ======================

2026-07-08 11:30:27,253 [INFO] [2026-07-08 11:30:27.253412] 실전 매매 배치 시작 (Intraday)
2026-07-08 11:30:37,160 [INFO] 현재 예수금: 0원
2026-07-08 11:30:37,160 [INFO] 보유 종목: ['012330', '034730', '078930', '161390', '278470']
2026-07-08 11:30:37,161 [INFO] 총 자산 추정치: 461,564,800원
2026-07-08 11:30:37,164 [INFO] [데이터 로드] 관심 종목 + 보유 종목 (5개) 초고속 병합 중...
2026-07-08 11:30:39,719 [INFO] 
=== [실행 결과 요약] ===
2026-07-08 11:30:39,720 [INFO] ✅ <b>금일 매매 내역 없음</b>
기존 포지션을 유지하거나 신규 진입 시그널이 없습니다.
2026-07-08 11:30:39,720 [INFO] ======================

2026-07-08 11:31:14,671 [INFO] [2026-07-08 11:31:14.671324] 실전 매매 배치 시작 (Intraday)
2026-07-08 11:31:21,192 [INFO] 현재 예수금: 0원
2026-07-08 11:31:21,192 [INFO] 보유 종목: ['012330', '034730', '078930', '161390', '278470']
2026-07-08 11:31:21,194 [INFO] 총 자산 추정치: 460,481,200원
2026-07-08 11:31:21,197 [INFO] [데이터 로드] 관심 종목 + 보유 종목 (5개) 초고속 병합 중...
2026-07-08 11:31:23,745 [INFO] 
=== [실행 결과 요약] ===
2026-07-08 11:31:23,745 [INFO] ✅ <b>금일 매매 내역 없음</b>
기존 포지션을 유지하거나 신규 진입 시그널이 없습니다.
2026-07-08 11:31:23,745 [INFO] ======================

2026-07-08 11:32:20,956 [INFO] [2026-07-08 11:32:20.956327] 실전 매매 배치 시작 (Intraday)
2026-07-08 11:32:21,403 [INFO] 현재 예수금: 0원
2026-07-08 11:32:21,403 [INFO] 보유 종목: ['012330', '034730', '078930', '161390', '278470']
2026-07-08 11:32:21,403 [INFO] 총 자산 추정치: 458,927,300원
2026-07-08 11:32:21,419 [INFO] [데이터 로드] 관심 종목 + 보유 종목 (5개) 초고속 병합 중...
2026-07-08 11:32:23,959 [INFO] 
=== [실행 결과 요약] ===
2026-07-08 11:32:23,959 [INFO] ✅ <b>금일 매매 내역 없음</b>
기존 포지션을 유지하거나 신규 진입 시그널이 없습니다.
2026-07-08 11:32:23,959 [INFO] ======================

2026-07-08 11:33:21,116 [INFO] [2026-07-08 11:33:21.116362] 실전 매매 배치 시작 (Intraday)
2026-07-08 11:33:25,725 [INFO] 현재 예수금: 0원
2026-07-08 11:33:25,725 [INFO] 보유 종목: ['012330', '034730', '078930', '161390', '278470']
2026-07-08 11:33:25,725 [INFO] 총 자산 추정치: 457,699,100원
2026-07-08 11:33:25,733 [INFO] [데이터 로드] 관심 종목 + 보유 종목 (5개) 초고속 병합 중...
2026-07-08 11:33:28,289 [INFO] 
=== [실행 결과 요약] ===
2026-07-08 11:33:28,289 [INFO] ✅ <b>금일 매매 내역 없음</b>
기존 포지션을 유지하거나 신규 진입 시그널이 없습니다.
2026-07-08 11:33:28,289 [INFO] ======================

2026-07-08 11:34:25,228 [INFO] [2026-07-08 11:34:25.228954] 실전 매매 배치 시작 (Intraday)
2026-07-08 11:34:25,617 [INFO] 현재 예수금: 0원
2026-07-08 11:34:25,617 [INFO] 보유 종목: ['012330', '034730', '078930', '161390', '278470']
2026-07-08 11:34:25,617 [INFO] 총 자산 추정치: 457,629,600원
2026-07-08 11:34:25,625 [INFO] [데이터 로드] 관심 종목 + 보유 종목 (5개) 초고속 병합 중...
2026-07-08 11:34:28,172 [INFO] 
=== [실행 결과 요약] ===
2026-07-08 11:34:28,172 [INFO] ✅ <b>금일 매매 내역 없음</b>
기존 포지션을 유지하거나 신규 진입 시그널이 없습니다.
2026-07-08 11:34:28,172 [INFO] ======================

2026-07-08 11:35:22,893 [INFO] [2026-07-08 11:35:22.893633] 실전 매매 배치 시작 (Intraday)
2026-07-08 11:35:25,312 [INFO] 현재 예수금: 0원
2026-07-08 11:35:25,312 [INFO] 보유 종목: ['012330', '034730', '078930', '161390', '278470']
2026-07-08 11:35:25,312 [INFO] 총 자산 추정치: 458,412,400원
2026-07-08 11:35:25,317 [INFO] [데이터 로드] 관심 종목 + 보유 종목 (5개) 초고속 병합 중...
2026-07-08 11:35:27,865 [INFO] 
=== [실행 결과 요약] ===
2026-07-08 11:35:27,865 [INFO] ✅ <b>금일 매매 내역 없음</b>
기존 포지션을 유지하거나 신규 진입 시그널이 없습니다.
2026-07-08 11:35:27,865 [INFO] ======================

2026-07-08 11:36:21,393 [INFO] [2026-07-08 11:36:21.393275] 실전 매매 배치 시작 (Intraday)
2026-07-08 11:36:23,071 [INFO] 현재 예수금: 0원
2026-07-08 11:36:23,071 [INFO] 보유 종목: ['012330', '034730', '078930', '161390', '278470']
2026-07-08 11:36:23,071 [INFO] 총 자산 추정치: 457,721,000원
2026-07-08 11:36:23,084 [INFO] [데이터 로드] 관심 종목 + 보유 종목 (5개) 초고속 병합 중...
2026-07-08 11:36:25,633 [INFO] 
=== [실행 결과 요약] ===
2026-07-08 11:36:25,633 [INFO] ✅ <b>금일 매매 내역 없음</b>
기존 포지션을 유지하거나 신규 진입 시그널이 없습니다.
2026-07-08 11:36:25,633 [INFO] ======================

2026-07-08 11:37:22,014 [INFO] [2026-07-08 11:37:22.014564] 실전 매매 배치 시작 (Intraday)
2026-07-08 11:37:22,361 [INFO] 현재 예수금: 0원
2026-07-08 11:37:22,361 [INFO] 보유 종목: ['012330', '034730', '078930', '161390', '278470']
2026-07-08 11:37:22,361 [INFO] 총 자산 추정치: 457,856,000원
2026-07-08 11:37:22,364 [INFO] [데이터 로드] 관심 종목 + 보유 종목 (5개) 초고속 병합 중...
2026-07-08 11:37:24,905 [INFO] 
=== [실행 결과 요약] ===
2026-07-08 11:37:24,905 [INFO] ✅ <b>금일 매매 내역 없음</b>
기존 포지션을 유지하거나 신규 진입 시그널이 없습니다.
2026-07-08 11:37:24,905 [INFO] ======================

2026-07-08 11:38:23,285 [INFO] [2026-07-08 11:38:23.285901] 실전 매매 배치 시작 (Intraday)
2026-07-08 11:38:23,510 [INFO] 현재 예수금: 0원
2026-07-08 11:38:23,511 [INFO] 보유 종목: ['012330', '034730', '078930', '161390', '278470']
2026-07-08 11:38:23,511 [INFO] 총 자산 추정치: 458,491,500원
2026-07-08 11:38:23,515 [INFO] [데이터 로드] 관심 종목 + 보유 종목 (5개) 초고속 병합 중...
2026-07-08 11:38:26,080 [INFO] 
=== [실행 결과 요약] ===
2026-07-08 11:38:26,080 [INFO] ✅ <b>금일 매매 내역 없음</b>
기존 포지션을 유지하거나 신규 진입 시그널이 없습니다.
2026-07-08 11:38:26,081 [INFO] ======================

2026-07-08 11:39:24,816 [INFO] [2026-07-08 11:39:24.816325] 실전 매매 배치 시작 (Intraday)
2026-07-08 11:39:25,280 [INFO] 현재 예수금: 0원
2026-07-08 11:39:25,280 [INFO] 보유 종목: ['012330', '034730', '078930', '161390', '278470']
2026-07-08 11:39:25,280 [INFO] 총 자산 추정치: 458,494,800원
2026-07-08 11:39:25,284 [INFO] [데이터 로드] 관심 종목 + 보유 종목 (5개) 초고속 병합 중...
2026-07-08 11:39:27,851 [INFO] 
=== [실행 결과 요약] ===
2026-07-08 11:39:27,852 [INFO] ✅ <b>금일 매매 내역 없음</b>
기존 포지션을 유지하거나 신규 진입 시그널이 없습니다.
2026-07-08 11:39:27,852 [INFO] ======================

2026-07-08 11:40:29,187 [INFO] [2026-07-08 11:40:29.187137] 실전 매매 배치 시작 (Intraday)
2026-07-08 11:40:37,331 [INFO] 현재 예수금: 0원
2026-07-08 11:40:37,332 [INFO] 보유 종목: ['012330', '034730', '078930', '161390', '278470']
2026-07-08 11:40:37,332 [INFO] 총 자산 추정치: 458,548,000원
2026-07-08 11:40:37,337 [INFO] [데이터 로드] 관심 종목 + 보유 종목 (5개) 초고속 병합 중...
2026-07-08 11:40:39,901 [INFO] 
=== [실행 결과 요약] ===
2026-07-08 11:40:39,901 [INFO] ✅ <b>금일 매매 내역 없음</b>
기존 포지션을 유지하거나 신규 진입 시그널이 없습니다.
2026-07-08 11:40:39,901 [INFO] ======================

2026-07-08 11:41:09,382 [INFO] [2026-07-08 11:41:09.382157] 실전 매매 배치 시작 (Intraday)
2026-07-08 11:41:15,941 [INFO] 현재 예수금: 0원
2026-07-08 11:41:15,941 [INFO] 보유 종목: ['012330', '034730', '078930', '161390', '278470']
2026-07-08 11:41:15,941 [INFO] 총 자산 추정치: 458,708,900원
2026-07-08 11:41:15,951 [INFO] [데이터 로드] 관심 종목 + 보유 종목 (5개) 초고속 병합 중...
2026-07-08 11:41:18,520 [INFO] 
=== [실행 결과 요약] ===
2026-07-08 11:41:18,520 [INFO] ✅ <b>금일 매매 내역 없음</b>
기존 포지션을 유지하거나 신규 진입 시그널이 없습니다.
2026-07-08 11:41:18,520 [INFO] ======================

2026-07-08 11:42:32,711 [INFO] [2026-07-08 11:42:32.711211] 실전 매매 배치 시작 (Intraday)
2026-07-08 11:42:34,187 [INFO] 현재 예수금: 0원
2026-07-08 11:42:34,188 [INFO] 보유 종목: ['012330', '034730', '078930', '161390', '278470']
2026-07-08 11:42:34,188 [INFO] 총 자산 추정치: 457,185,400원
2026-07-08 11:42:34,196 [INFO] [데이터 로드] 관심 종목 + 보유 종목 (5개) 초고속 병합 중...
2026-07-08 11:42:36,769 [INFO] 
=== [실행 결과 요약] ===
2026-07-08 11:42:36,770 [INFO] ✅ <b>금일 매매 내역 없음</b>
기존 포지션을 유지하거나 신규 진입 시그널이 없습니다.
2026-07-08 11:42:36,770 [INFO] ======================

2026-07-08 11:43:32,432 [INFO] [2026-07-08 11:43:32.432620] 실전 매매 배치 시작 (Intraday)
2026-07-08 11:43:37,048 [INFO] 현재 예수금: 0원
2026-07-08 11:43:37,049 [INFO] 보유 종목: ['012330', '034730', '078930', '161390', '278470']
2026-07-08 11:43:37,049 [INFO] 총 자산 추정치: 458,038,900원
2026-07-08 11:43:37,060 [INFO] [데이터 로드] 관심 종목 + 보유 종목 (5개) 초고속 병합 중...
2026-07-08 11:43:39,638 [INFO] 
=== [실행 결과 요약] ===
2026-07-08 11:43:39,640 [INFO] ✅ <b>금일 매매 내역 없음</b>
기존 포지션을 유지하거나 신규 진입 시그널이 없습니다.
2026-07-08 11:43:39,640 [INFO] ======================

2026-07-08 11:44:21,443 [INFO] [2026-07-08 11:44:21.443271] 실전 매매 배치 시작 (Intraday)
2026-07-08 11:44:27,541 [INFO] 현재 예수금: 0원
2026-07-08 11:44:27,542 [INFO] 보유 종목: ['012330', '034730', '078930', '161390', '278470']
2026-07-08 11:44:27,542 [INFO] 총 자산 추정치: 459,136,000원
2026-07-08 11:44:27,551 [INFO] [데이터 로드] 관심 종목 + 보유 종목 (5개) 초고속 병합 중...
2026-07-08 11:44:30,121 [INFO] 
=== [실행 결과 요약] ===
2026-07-08 11:44:30,121 [INFO] ✅ <b>금일 매매 내역 없음</b>
기존 포지션을 유지하거나 신규 진입 시그널이 없습니다.
2026-07-08 11:44:30,121 [INFO] ======================

2026-07-08 11:45:18,686 [INFO] [2026-07-08 11:45:18.686046] 실전 매매 배치 시작 (Intraday)
2026-07-08 11:45:23,981 [INFO] 현재 예수금: 0원
2026-07-08 11:45:23,982 [INFO] 보유 종목: ['012330', '034730', '078930', '161390', '278470']
2026-07-08 11:45:23,982 [INFO] 총 자산 추정치: 460,475,800원
2026-07-08 11:45:23,986 [INFO] [데이터 로드] 관심 종목 + 보유 종목 (5개) 초고속 병합 중...
2026-07-08 11:45:26,565 [INFO] 
=== [실행 결과 요약] ===
2026-07-08 11:45:26,565 [INFO] ✅ <b>금일 매매 내역 없음</b>
기존 포지션을 유지하거나 신규 진입 시그널이 없습니다.
2026-07-08 11:45:26,565 [INFO] ======================

2026-07-08 11:46:26,070 [INFO] [2026-07-08 11:46:26.070818] 실전 매매 배치 시작 (Intraday)
2026-07-08 11:46:32,678 [INFO] 현재 예수금: 0원
2026-07-08 11:46:32,678 [INFO] 보유 종목: ['012330', '034730', '078930', '161390', '278470']
2026-07-08 11:46:32,678 [INFO] 총 자산 추정치: 460,123,900원
2026-07-08 11:46:32,681 [INFO] [데이터 로드] 관심 종목 + 보유 종목 (5개) 초고속 병합 중...
2026-07-08 11:46:35,249 [INFO] 
=== [실행 결과 요약] ===
2026-07-08 11:46:35,249 [INFO] ✅ <b>금일 매매 내역 없음</b>
기존 포지션을 유지하거나 신규 진입 시그널이 없습니다.
2026-07-08 11:46:35,250 [INFO] ======================

2026-07-08 11:47:24,278 [INFO] [2026-07-08 11:47:24.278636] 실전 매매 배치 시작 (Intraday)
2026-07-08 11:47:30,723 [INFO] 현재 예수금: 0원
2026-07-08 11:47:30,724 [INFO] 보유 종목: ['012330', '034730', '078930', '161390', '278470']
2026-07-08 11:47:30,724 [INFO] 총 자산 추정치: 459,457,100원
2026-07-08 11:47:30,737 [INFO] [데이터 로드] 관심 종목 + 보유 종목 (5개) 초고속 병합 중...
2026-07-08 11:47:33,291 [INFO] 
=== [실행 결과 요약] ===
2026-07-08 11:47:33,291 [INFO] ✅ <b>금일 매매 내역 없음</b>
기존 포지션을 유지하거나 신규 진입 시그널이 없습니다.
2026-07-08 11:47:33,291 [INFO] ======================

2026-07-08 11:48:22,055 [INFO] [2026-07-08 11:48:22.055844] 실전 매매 배치 시작 (Intraday)
2026-07-08 11:48:29,310 [INFO] 현재 예수금: 0원
2026-07-08 11:48:29,312 [INFO] 보유 종목: ['012330', '034730', '078930', '161390', '278470']
2026-07-08 11:48:29,312 [INFO] 총 자산 추정치: 461,955,700원
2026-07-08 11:48:29,316 [INFO] [데이터 로드] 관심 종목 + 보유 종목 (5개) 초고속 병합 중...
2026-07-08 11:48:31,887 [INFO] 
=== [실행 결과 요약] ===
2026-07-08 11:48:31,887 [INFO] ✅ <b>금일 매매 내역 없음</b>
기존 포지션을 유지하거나 신규 진입 시그널이 없습니다.
2026-07-08 11:48:31,887 [INFO] ======================

2026-07-08 11:49:20,359 [INFO] [2026-07-08 11:49:20.359245] 실전 매매 배치 시작 (Intraday)
2026-07-08 11:49:20,716 [INFO] 현재 예수금: 0원
2026-07-08 11:49:20,717 [INFO] 보유 종목: ['012330', '034730', '078930', '161390', '278470']
2026-07-08 11:49:20,717 [INFO] 총 자산 추정치: 460,467,300원
2026-07-08 11:49:20,721 [INFO] [데이터 로드] 관심 종목 + 보유 종목 (5개) 초고속 병합 중...
2026-07-08 11:49:23,280 [INFO] 
=== [실행 결과 요약] ===
2026-07-08 11:49:23,280 [INFO] ✅ <b>금일 매매 내역 없음</b>
기존 포지션을 유지하거나 신규 진입 시그널이 없습니다.
2026-07-08 11:49:23,280 [INFO] ======================

2026-07-08 11:50:24,350 [INFO] [2026-07-08 11:50:24.350829] 실전 매매 배치 시작 (Intraday)
2026-07-08 11:50:32,397 [INFO] 현재 예수금: 0원
2026-07-08 11:50:32,397 [INFO] 보유 종목: ['012330', '034730', '078930', '161390', '278470']
2026-07-08 11:50:32,397 [INFO] 총 자산 추정치: 460,116,600원
2026-07-08 11:50:32,403 [INFO] [데이터 로드] 관심 종목 + 보유 종목 (5개) 초고속 병합 중...
2026-07-08 11:50:34,988 [INFO] 
=== [실행 결과 요약] ===
2026-07-08 11:50:34,988 [INFO] ✅ <b>금일 매매 내역 없음</b>
기존 포지션을 유지하거나 신규 진입 시그널이 없습니다.
2026-07-08 11:50:34,988 [INFO] ======================

2026-07-08 11:51:11,481 [INFO] [2026-07-08 11:51:11.481505] 실전 매매 배치 시작 (Intraday)
2026-07-08 11:51:17,155 [INFO] 현재 예수금: 0원
2026-07-08 11:51:17,155 [INFO] 보유 종목: ['012330', '034730', '078930', '161390', '278470']
2026-07-08 11:51:17,155 [INFO] 총 자산 추정치: 457,903,800원
2026-07-08 11:51:17,157 [INFO] [데이터 로드] 관심 종목 + 보유 종목 (5개) 초고속 병합 중...
2026-07-08 11:51:19,743 [INFO] 
=== [실행 결과 요약] ===
2026-07-08 11:51:19,743 [INFO] ✅ <b>금일 매매 내역 없음</b>
기존 포지션을 유지하거나 신규 진입 시그널이 없습니다.
2026-07-08 11:51:19,743 [INFO] ======================

2026-07-08 11:52:06,531 [INFO] [2026-07-08 11:52:06.531666] 실전 매매 배치 시작 (Intraday)
2026-07-08 11:52:08,353 [INFO] 현재 예수금: 0원
2026-07-08 11:52:08,353 [INFO] 보유 종목: ['012330', '034730', '078930', '161390', '278470']
2026-07-08 11:52:08,353 [INFO] 총 자산 추정치: 457,693,600원
2026-07-08 11:52:08,361 [INFO] [데이터 로드] 관심 종목 + 보유 종목 (5개) 초고속 병합 중...
2026-07-08 11:52:10,932 [INFO] 
=== [실행 결과 요약] ===
2026-07-08 11:52:10,932 [INFO] ✅ <b>금일 매매 내역 없음</b>
기존 포지션을 유지하거나 신규 진입 시그널이 없습니다.
2026-07-08 11:52:10,932 [INFO] ======================

2026-07-08 11:53:07,646 [INFO] [2026-07-08 11:53:07.646796] 실전 매매 배치 시작 (Intraday)
2026-07-08 11:53:14,596 [INFO] 현재 예수금: 0원
2026-07-08 11:53:14,596 [INFO] 보유 종목: ['012330', '034730', '078930', '161390', '278470']
2026-07-08 11:53:14,596 [INFO] 총 자산 추정치: 456,798,200원
2026-07-08 11:53:14,597 [INFO] [데이터 로드] 관심 종목 + 보유 종목 (5개) 초고속 병합 중...
2026-07-08 11:53:17,159 [INFO] 
=== [실행 결과 요약] ===
2026-07-08 11:53:17,159 [INFO] ✅ <b>금일 매매 내역 없음</b>
기존 포지션을 유지하거나 신규 진입 시그널이 없습니다.
2026-07-08 11:53:17,159 [INFO] ======================

2026-07-08 11:54:13,053 [INFO] [2026-07-08 11:54:13.053972] 실전 매매 배치 시작 (Intraday)
2026-07-08 11:54:18,790 [INFO] 현재 예수금: 0원
2026-07-08 11:54:18,790 [INFO] 보유 종목: ['012330', '034730', '078930', '161390', '278470']
2026-07-08 11:54:18,790 [INFO] 총 자산 추정치: 458,732,200원
2026-07-08 11:54:18,793 [INFO] [데이터 로드] 관심 종목 + 보유 종목 (5개) 초고속 병합 중...
2026-07-08 11:54:21,371 [INFO] 
=== [실행 결과 요약] ===
2026-07-08 11:54:21,371 [INFO] ✅ <b>금일 매매 내역 없음</b>
기존 포지션을 유지하거나 신규 진입 시그널이 없습니다.
2026-07-08 11:54:21,371 [INFO] ======================

2026-07-08 11:55:07,695 [INFO] [2026-07-08 11:55:07.695281] 실전 매매 배치 시작 (Intraday)
2026-07-08 11:55:13,998 [INFO] 현재 예수금: 0원
2026-07-08 11:55:13,998 [INFO] 보유 종목: ['012330', '034730', '078930', '161390', '278470']
2026-07-08 11:55:13,998 [INFO] 총 자산 추정치: 458,147,300원
2026-07-08 11:55:13,998 [INFO] [데이터 로드] 관심 종목 + 보유 종목 (5개) 초고속 병합 중...
2026-07-08 11:55:16,568 [INFO] 
=== [실행 결과 요약] ===
2026-07-08 11:55:16,568 [INFO] ✅ <b>금일 매매 내역 없음</b>
기존 포지션을 유지하거나 신규 진입 시그널이 없습니다.
2026-07-08 11:55:16,568 [INFO] ======================

2026-07-08 11:56:12,464 [INFO] [2026-07-08 11:56:12.464144] 실전 매매 배치 시작 (Intraday)
2026-07-08 11:56:12,886 [INFO] 현재 예수금: 0원
2026-07-08 11:56:12,886 [INFO] 보유 종목: ['012330', '034730', '078930', '161390', '278470']
2026-07-08 11:56:12,886 [INFO] 총 자산 추정치: 457,673,900원
2026-07-08 11:56:12,890 [INFO] [데이터 로드] 관심 종목 + 보유 종목 (5개) 초고속 병합 중...
2026-07-08 11:56:15,477 [INFO] 
=== [실행 결과 요약] ===
2026-07-08 11:56:15,477 [INFO] ✅ <b>금일 매매 내역 없음</b>
기존 포지션을 유지하거나 신규 진입 시그널이 없습니다.
2026-07-08 11:56:15,477 [INFO] ======================

2026-07-08 11:57:11,840 [INFO] [2026-07-08 11:57:11.840176] 실전 매매 배치 시작 (Intraday)
2026-07-08 11:57:12,669 [INFO] 현재 예수금: 0원
2026-07-08 11:57:12,669 [INFO] 보유 종목: ['012330', '034730', '078930', '161390', '278470']
2026-07-08 11:57:12,669 [INFO] 총 자산 추정치: 457,686,200원
2026-07-08 11:57:12,673 [INFO] [데이터 로드] 관심 종목 + 보유 종목 (5개) 초고속 병합 중...
2026-07-08 11:57:15,248 [INFO] 
=== [실행 결과 요약] ===
2026-07-08 11:57:15,248 [INFO] ✅ <b>금일 매매 내역 없음</b>
기존 포지션을 유지하거나 신규 진입 시그널이 없습니다.
2026-07-08 11:57:15,248 [INFO] ======================

2026-07-08 11:58:11,610 [INFO] [2026-07-08 11:58:11.610593] 실전 매매 배치 시작 (Intraday)
2026-07-08 11:58:16,675 [INFO] 현재 예수금: 0원
2026-07-08 11:58:16,675 [INFO] 보유 종목: ['012330', '034730', '078930', '161390', '278470']
2026-07-08 11:58:16,675 [INFO] 총 자산 추정치: 458,161,400원
2026-07-08 11:58:16,675 [INFO] [데이터 로드] 관심 종목 + 보유 종목 (5개) 초고속 병합 중...
2026-07-08 11:58:19,240 [INFO] 
=== [실행 결과 요약] ===
2026-07-08 11:58:19,240 [INFO] ✅ <b>금일 매매 내역 없음</b>
기존 포지션을 유지하거나 신규 진입 시그널이 없습니다.
2026-07-08 11:58:19,240 [INFO] ======================

2026-07-08 11:59:15,022 [INFO] [2026-07-08 11:59:15.022457] 실전 매매 배치 시작 (Intraday)
2026-07-08 11:59:19,128 [INFO] 현재 예수금: 0원
2026-07-08 11:59:19,128 [INFO] 보유 종목: ['012330', '034730', '078930', '161390', '278470']
2026-07-08 11:59:19,128 [INFO] 총 자산 추정치: 457,652,500원
2026-07-08 11:59:19,134 [INFO] [데이터 로드] 관심 종목 + 보유 종목 (5개) 초고속 병합 중...
2026-07-08 11:59:21,691 [INFO] 
=== [실행 결과 요약] ===
2026-07-08 11:59:21,691 [INFO] ✅ <b>금일 매매 내역 없음</b>
기존 포지션을 유지하거나 신규 진입 시그널이 없습니다.
2026-07-08 11:59:21,691 [INFO] ======================

2026-07-08 12:00:18,386 [INFO] [2026-07-08 12:00:18.386770] 실전 매매 배치 시작 (Intraday)
2026-07-08 12:00:20,273 [INFO] 현재 예수금: 0원
2026-07-08 12:00:20,273 [INFO] 보유 종목: ['012330', '034730', '078930', '161390', '278470']
2026-07-08 12:00:20,273 [INFO] 총 자산 추정치: 460,426,200원
2026-07-08 12:00:20,281 [INFO] [데이터 로드] 관심 종목 + 보유 종목 (5개) 초고속 병합 중...
2026-07-08 12:00:22,850 [INFO] 
=== [실행 결과 요약] ===
2026-07-08 12:00:22,851 [INFO] ✅ <b>금일 매매 내역 없음</b>
기존 포지션을 유지하거나 신규 진입 시그널이 없습니다.
2026-07-08 12:00:22,851 [INFO] ======================

2026-07-08 12:01:16,382 [INFO] [2026-07-08 12:01:16.382037] 실전 매매 배치 시작 (Intraday)
2026-07-08 12:01:23,142 [INFO] 현재 예수금: 0원
2026-07-08 12:01:23,142 [INFO] 보유 종목: ['012330', '034730', '078930', '161390', '278470']
2026-07-08 12:01:23,142 [INFO] 총 자산 추정치: 459,260,200원
2026-07-08 12:01:23,144 [INFO] [데이터 로드] 관심 종목 + 보유 종목 (5개) 초고속 병합 중...
2026-07-08 12:01:25,699 [INFO] 
=== [실행 결과 요약] ===
2026-07-08 12:01:25,702 [INFO] ✅ <b>금일 매매 내역 없음</b>
기존 포지션을 유지하거나 신규 진입 시그널이 없습니다.
2026-07-08 12:01:25,702 [INFO] ======================

